abichecks/.gitignore
abichecks/Makefile.am
abichecks/Makefile.in
abichecks/abichecks.env
abichecks/abichecks.env.in
abichecks/abirules/Input/ignore_inputvar_for_test.in
abichecks/abirules/Input/report.in
abichecks/abirules/Input/warnings_10.in
abichecks/abirules/Input/warnings_11.in
abichecks/abirules/Input/warnings_12.in
abichecks/abirules/Input/warnings_13.in
abichecks/abirules/Input/warnings_14.in
abichecks/abirules/Input/warnings_15.in
abichecks/abirules/Input/warnings_20.in
abichecks/abirules/Input/warnings_3.in
abichecks/abirules/Input/warnings_4.in
abichecks/abirules/Input/warnings_5.in
abichecks/abirules/Input/warnings_6.in
abichecks/abirules/Input/warnings_7.in
abichecks/abirules/Input/warnings_8.in
abichecks/abirules/Input/warnings_9.in
abichecks/abirules/README
abichecks/abirules/Refs/t01.out
abichecks/abirules/Refs/t03.out
abichecks/abirules/Refs/t04.out
abichecks/abirules/Refs/t05.out
abichecks/abirules/Refs/t06.out
abichecks/abirules/Refs/t07.out
abichecks/abirules/Refs/t08.out
abichecks/abirules/Refs/t09.out
abichecks/abirules/Refs/t10.out
abichecks/abirules/Refs/t11.out
abichecks/abirules/Refs/t12.out
abichecks/abirules/Refs/t13.out
abichecks/abirules/Refs/t14.out
abichecks/abirules/Refs/t15.out
abichecks/abirules/Refs/t16.out
abichecks/abirules/Refs/t17.out
abichecks/abirules/Refs/t18.out
abichecks/abirules/Refs/t19.out
abichecks/abirules/Refs/t20.out
abichecks/abirules/__init__.py
abichecks/abirules/tests.cnf
abichecks/buildsys/Input/report.in
abichecks/buildsys/README
abichecks/buildsys/Refs/abiref_gnu_5.3_debug.ac
abichecks/buildsys/Refs/abiref_gnu_5.3_openmpi.ac
abichecks/buildsys/Refs/abiref_gnu_5.3_serial.ac
abichecks/buildsys/Refs/abiref_nag_6.2_openmpi.ac
abichecks/buildsys/Refs/atlas_gnu_7.2_fb.ac
abichecks/buildsys/Refs/atlas_intel_18.0_openmpi.ac
abichecks/buildsys/Refs/bob_gnu_5.3_openmp.ac
abichecks/buildsys/Refs/buda2_gnu_8.1_mpich3.ac
abichecks/buildsys/Refs/cronos_gnu_5.3_paral.ac
abichecks/buildsys/Refs/graphene_gnu_6.4_macports.ac
abichecks/buildsys/Refs/ibm8_ibm_15.1_serial.ac
abichecks/buildsys/Refs/inca_gnu_6.3_py3k.ac
abichecks/buildsys/Refs/max2_gnu_5.3_dep.ac
abichecks/buildsys/Refs/max2_gnu_5.3_mpich.ac
abichecks/buildsys/Refs/tikal_gnu_4.9_cov.ac
abichecks/buildsys/Refs/tikal_gnu_5.4_mpich.ac
abichecks/buildsys/Refs/tikal_intel_15.0_serial.ac
abichecks/buildsys/Refs/ubu_gnu_4.9_triqs.ac
abichecks/buildsys/Refs/ubu_gnu_5.3_openmpi.ac
abichecks/buildsys/Refs/ubu_intel_13.1_openmpi.ac
abichecks/buildsys/Refs/ubu_intel_15.0_mpich.ac
abichecks/buildsys/Refs/ubu_intel_16.0_mpich.ac
abichecks/buildsys/Refs/ubu_intel_16.0_openmp.ac
abichecks/buildsys/Refs/ubu_intel_17.0_openmpi.ac
abichecks/buildsys/__init__.py
abichecks/buildsys/tests.cnf
abichecks/scripts/Sort.sh
abichecks/scripts/check-binaries-conf.py
abichecks/scripts/check-build-config.py
abichecks/scripts/check-build-examples.py
abichecks/scripts/check-build-refs.py
abichecks/scripts/check-config-h.py
abichecks/scripts/check-conflict-markers.py
abichecks/scripts/check-cpp-options.py
abichecks/scripts/check-forbidden-flags.py
abichecks/scripts/check-input-vars.py
abichecks/scripts/check-libpaw.py
abichecks/scripts/check-line-lengths.py
abichecks/scripts/check_ascii.py
abichecks/scripts/check_forbidden.py
abichecks/scripts/check_inlined_macros.py
abichecks/scripts/fldiff.pl
abichecks/scripts/reportdiff.pl
abichecks/scripts/run-basic-dotest.pl
abichecks/scripts/run-basic-tests.pl
abichecks/scripts/run-basic-tests.sh
abichecks/scripts/run-charge-tests.sh
abichecks/scripts/run-standard-tests.pl
abichecks/scripts/warningschk.py
abichecks/scripts/wrap-standard-tests.sh
abichecks/special.py
