config/debug/cc_gnu_4.9-debug.conf
config/debug/cc_gnu_default-debug.conf
config/debug/fc_fujitsu_default-debug.conf
config/debug/fc_g95_default-debug.conf
config/debug/fc_gnu_4.9-debug.conf
config/debug/fc_gnu_default-debug.conf
config/debug/fc_ibm_default-debug.conf
config/debug/fc_intel_default-debug.conf
config/debug/fc_nag_default-debug.conf
config/debug/fc_open64_default-debug.conf
config/debug/fc_pathscale_default-debug.conf
config/detect/README
config/detect/detect_cc.c
config/detect/detect_fc.F90
config/detect/write_irreg_array.f90
config/detect/write_irreg_array_ok.f90
config/gnu/.gitkeep
config/gnu/config.guess
config/gnu/config.sub
config/gnu/depcomp
config/gnu/install-sh
config/gnu/missing
config/hints/ar_ibm_default-hints.conf
config/hints/cc_gnu_default-hints.conf
config/hints/cc_ibm_default-hints.conf
config/hints/cc_intel_default-hints.conf
config/hints/cc_open64_default-hints.conf
config/hints/cc_pathscale_default-hints.conf
config/hints/cpp_default_default-hints.conf
config/hints/cpp_ibm_default-hints.conf
config/hints/cxx_gnu_default-hints.conf
config/hints/cxx_ibm_default-hints.conf
config/hints/cxx_intel_default-hints.conf
config/hints/cxx_pathscale_default-hints.conf
config/hints/fc_absoft_default-hints.conf
config/hints/fc_amd_default-hints.conf
config/hints/fc_fujitsu_default-hints.conf
config/hints/fc_g95_default-hints.conf
config/hints/fc_gnu_default-hints.conf
config/hints/fc_ibm_default-hints.conf
config/hints/fc_intel_15.0-hints.conf
config/hints/fc_intel_16.0-hints.conf
config/hints/fc_intel_17.0-hints.conf
config/hints/fc_intel_18.0-hints.conf
config/hints/fc_intel_default-hints.conf
config/hints/fc_nag_default-hints.conf
config/hints/fc_open64_default-hints.conf
config/hints/fc_pathscale_default-hints.conf
config/hints/fc_pgi_default-hints.conf
config/hints/fpp_default_default-hints.conf
config/hints/fpp_ibm_default-hints.conf
config/local/.gitkeep
config/local/autotools.sh
config/m4/arch-gpu.m4
config/m4/arch-mpi.m4
config/m4/auto-autotools.m4
config/m4/auto-corelibs.m4
config/m4/auto-debug.m4
config/m4/auto-dirflags.m4
config/m4/auto-dumpers.m4
config/m4/auto-env.m4
config/m4/auto-hints.m4
config/m4/auto-incflags.m4
config/m4/auto-linking.m4
config/m4/auto-optim.m4
config/m4/auto-options.m4
config/m4/auto-output.m4
config/m4/auto-subsystems.m4
config/m4/bind-fortran.m4
config/m4/conf-debug.m4
config/m4/conf-files.m4
config/m4/conf-init.m4
config/m4/conf-openmp.m4
config/m4/conf-optim.m4
config/m4/conn-algo.m4
config/m4/conn-dft.m4
config/m4/conn-fft.m4
config/m4/conn-linalg.m4
config/m4/conn-math.m4
config/m4/conn-timer.m4
config/m4/conn-trio.m4
config/m4/conn-triqs.m4
config/m4/data-files.m4
config/m4/lang-c++.m4
config/m4/lang-c.m4
config/m4/lang-fortran-import.m4
config/m4/lang-fortran.m4
config/m4/lang-python.m4
config/m4/misc-display.m4
config/maintainers/debug.conf
config/maintainers/dependencies.conf
config/maintainers/hints.conf
config/maintainers/optim.conf
config/makefiles/autotest.am
config/makefiles/mods.am
config/makefiles/src.am
config/makefiles/top.am
config/messages/README
config/messages/connectors-failure.msg
config/messages/download.msg
config/messages/etsf_io-deprecated.msg
config/messages/fallbacks-failure.msg
config/messages/fc-absoft.msg
config/messages/fc-ibm.msg
config/messages/fc-intel.msg
config/messages/gpu-without-magma.msg
config/messages/linalg-abinit.msg
config/messages/mpi-generic.msg
config/messages/mpi-support.msg
config/optim/cc_gnu_default-optim.conf
config/optim/cc_ibm_default-optim.conf
config/optim/cc_intel_default-optim.conf
config/optim/cc_open64_default-optim.conf
config/optim/cc_pathscale_default-optim.conf
config/optim/cxx_gnu_default-optim.conf
config/optim/cxx_ibm_default-optim.conf
config/optim/cxx_intel_default-optim.conf
config/optim/cxx_pathscale_default-optim.conf
config/optim/fc_amd_default-optim.conf
config/optim/fc_fujitsu_default-optim.conf
config/optim/fc_g95_default-optim.conf
config/optim/fc_gnu_4.7-optim.conf
config/optim/fc_gnu_default-optim.conf
config/optim/fc_ibm_default-optim.conf
config/optim/fc_intel_default-optim.conf
config/optim/fc_nag_default-optim.conf
config/optim/fc_open64_default-optim.conf
config/optim/fc_pathscale_default-optim.conf
config/optim/fc_pgi_default-optim.conf
config/robodoc/robodoc-html.rc
config/scripts/abilint
config/scripts/abinit_variables.pm
config/scripts/add-header-typed
config/scripts/add-targets-binaries
config/scripts/add-targets-libraries
config/scripts/clean-build-examples
config/scripts/cut-long-lines
config/scripts/make-build-examples
config/scripts/make-config-dump-in
config/scripts/make-cppopts-dumper
config/scripts/make-doc-options
config/scripts/make-file-lists
config/scripts/make-macros-autotools
config/scripts/make-macros-corelibs
config/scripts/make-macros-debug
config/scripts/make-macros-dirflags
config/scripts/make-macros-dumpers
config/scripts/make-macros-environment
config/scripts/make-macros-hints
config/scripts/make-macros-incflags
config/scripts/make-macros-linking
config/scripts/make-macros-optim
config/scripts/make-macros-options
config/scripts/make-macros-output
config/scripts/make-macros-subsystems
config/scripts/make-makefiles-abichecks
config/scripts/make-makefiles-binaries
config/scripts/make-makefiles-corelibs
config/scripts/make-makefiles-doc
config/scripts/make-makefiles-exports
config/scripts/make-makefiles-inter
config/scripts/make-makefiles-top
config/scripts/make-optim-dumper
config/scripts/make-sources-parser
config/scripts/makemake
config/scripts/shrink-src-files
config/scripts/update-options-conf
config/scripts/update-version-number
config/specs/abichecks.conf
config/specs/archive.conf
config/specs/autotools.conf
config/specs/binaries.conf
config/specs/buildsys.conf
config/specs/corelibs.conf
config/specs/dumpvars.conf
config/specs/environment.conf
config/specs/examples.conf
config/specs/exports.conf
config/specs/junk.conf
config/specs/makemake.conf
config/specs/options.conf
config/specs/project.conf
config/specs/testfarm.conf
config/wrappers/wrap-fc
config/wrappers/wrap-fc.in
config/dist/abichecks.lst
config/dist/bindings.lst
config/dist/config.lst
config/dist/developers.lst
config/dist/doc.lst
config/dist/fallbacks.lst
config/dist/packages.lst
config/dist/scripts.lst
config/dist/src.lst
config/dist/tests.lst
