developers/README.md
developers/maintainers/FT77to90.pl
developers/maintainers/abiauty.pl
developers/maintainers/abirules.pl
developers/maintainers/build-abinit-calltree.pl
developers/maintainers/change.sh
developers/maintainers/change2.sh
developers/maintainers/change_year.sh
developers/maintainers/check-missing-headers.py
developers/maintainers/check_datatypes.py
developers/maintainers/fix-cpp-options.py
developers/maintainers/parents.pl
developers/maintainers/replace_write6.py
developers/maintainers/suppress_windows_ctrl-M.csh
developers/pltdiff.py
developers/various/fixed_to_free
developers/various/ftypevars.py
developers/various/mkmodule.sh
developers/various/mkroutine.sh
developers/various/mtrace.pl
developers/various/paradev.py
developers/various/paragdb.py
developers/various/remove_unused_var.sh
