scripts/README.md
scripts/bbtools/LinkChecker_rm_false_errors.py
scripts/bbtools/README
scripts/configure/README
scripts/configure/abinit_config/abinit-textconfig
scripts/configure/abinit_config/abinit_config.mk
scripts/configure/abinit_config/abinit_config.png
scripts/configure/abinit_config/abinit_config.pro
scripts/configure/abinit_config/abinit_config.ui
scripts/configure/abinit_config/test1.py
scripts/configure/abinit_config/test2.py
scripts/configure/abinit_config/test3.py
scripts/configure/nag_config/post_configure_nag.sh
scripts/configure/nag_config/pre_configure_nag.sh
scripts/configure/upgrade-build-config
scripts/deprecated/AbinitInputMaker.py
scripts/deprecated/AbinitStructureViewer.py
scripts/deprecated/Calculation.xml
scripts/deprecated/Calculation_tag.xml
scripts/deprecated/KptGrid.xml
scripts/deprecated/KptGrid_tag.xml
scripts/deprecated/Relaxation.xml
scripts/deprecated/Relaxation_tag.xml
scripts/deprecated/Sections.xml
scripts/deprecated/Structure.xml
scripts/deprecated/Structure_tag.xml
scripts/deprecated/abi2xsf
scripts/deprecated/abinitRun.dtd
scripts/deprecated/class_ScrolledWidgetList.py
scripts/deprecated/ebands.f90
scripts/deprecated/rf_GKK.py
scripts/deprecated/rf_mods.py
scripts/deprecated/rf_mods_seq.py
scripts/deprecated/temperature_GKK.py
scripts/deprecated/temperature_para.py
scripts/deprecated/temperature_seq.py
scripts/deprecated/vms/crea_descrip_mms.F90
scripts/deprecated/vms/descrip.mms
scripts/deprecated/vms/vms_prepare_input.F90
scripts/deprecated/wrappers/abinit.py.in
scripts/deprecated/xmlTagger.py
scripts/post_processing/AbinitBandStructureMaker.py
scripts/post_processing/Elastic_debye.py
scripts/post_processing/ElectronPhononCoupling/Doc/README.rst
scripts/post_processing/ElectronPhononCoupling/Doc/how_to_add_a_test.txt
scripts/post_processing/ElectronPhononCoupling/Doc/how_to_add_an_example.txt
scripts/post_processing/ElectronPhononCoupling/ElectronPhononCoupling/__init__.py
scripts/post_processing/ElectronPhononCoupling/ElectronPhononCoupling/__main__.py
scripts/post_processing/ElectronPhononCoupling/ElectronPhononCoupling/config/__init__.py
scripts/post_processing/ElectronPhononCoupling/ElectronPhononCoupling/config/release.py
scripts/post_processing/ElectronPhononCoupling/ElectronPhononCoupling/core/__init__.py
scripts/post_processing/ElectronPhononCoupling/ElectronPhononCoupling/core/constants.py
scripts/post_processing/ElectronPhononCoupling/ElectronPhononCoupling/core/ddbfile.py
scripts/post_processing/ElectronPhononCoupling/ElectronPhononCoupling/core/degenerate.py
scripts/post_processing/ElectronPhononCoupling/ElectronPhononCoupling/core/eigfile.py
scripts/post_processing/ElectronPhononCoupling/ElectronPhononCoupling/core/eigr2dfile.py
scripts/post_processing/ElectronPhononCoupling/ElectronPhononCoupling/core/epcanalyzer.py
scripts/post_processing/ElectronPhononCoupling/ElectronPhononCoupling/core/epcfile.py
scripts/post_processing/ElectronPhononCoupling/ElectronPhononCoupling/core/fanfile.py
scripts/post_processing/ElectronPhononCoupling/ElectronPhononCoupling/core/functions.py
scripts/post_processing/ElectronPhononCoupling/ElectronPhononCoupling/core/gkkfile.py
scripts/post_processing/ElectronPhononCoupling/ElectronPhononCoupling/core/gsrfile.py
scripts/post_processing/ElectronPhononCoupling/ElectronPhononCoupling/core/mathutil.py
scripts/post_processing/ElectronPhononCoupling/ElectronPhononCoupling/core/mpi.py
scripts/post_processing/ElectronPhononCoupling/ElectronPhononCoupling/core/qptanalyzer.py
scripts/post_processing/ElectronPhononCoupling/ElectronPhononCoupling/core/util.py
scripts/post_processing/ElectronPhononCoupling/ElectronPhononCoupling/data/LiF_g2/03-Li.LDA.TM.pspnc
scripts/post_processing/ElectronPhononCoupling/ElectronPhononCoupling/data/LiF_g2/09-F.LDA.TM.pspnc
scripts/post_processing/ElectronPhononCoupling/ElectronPhononCoupling/data/LiF_g2/__init__.py
scripts/post_processing/ElectronPhononCoupling/ElectronPhononCoupling/data/LiF_g2/calc.files
scripts/post_processing/ElectronPhononCoupling/ElectronPhononCoupling/data/LiF_g2/calc.in
scripts/post_processing/ElectronPhononCoupling/ElectronPhononCoupling/data/LiF_g2/calc.out
scripts/post_processing/ElectronPhononCoupling/ElectronPhononCoupling/data/LiF_g2/epc_outputs/td_se_EP.nc
scripts/post_processing/ElectronPhononCoupling/ElectronPhononCoupling/data/LiF_g2/epc_outputs/td_se_REN.dat
scripts/post_processing/ElectronPhononCoupling/ElectronPhononCoupling/data/LiF_g2/epc_outputs/td_sf_EP.nc
scripts/post_processing/ElectronPhononCoupling/ElectronPhononCoupling/data/LiF_g2/epc_outputs/td_sf_REN.dat
scripts/post_processing/ElectronPhononCoupling/ElectronPhononCoupling/data/LiF_g2/epc_outputs/tdb_stat_nosplit_EP.nc
scripts/post_processing/ElectronPhononCoupling/ElectronPhononCoupling/data/LiF_g2/epc_outputs/tdb_stat_nosplit_REN.dat
scripts/post_processing/ElectronPhononCoupling/ElectronPhononCoupling/data/LiF_g2/epc_outputs/tdr_dyn_EP.nc
scripts/post_processing/ElectronPhononCoupling/ElectronPhononCoupling/data/LiF_g2/epc_outputs/tdr_dyn_REN.dat
scripts/post_processing/ElectronPhononCoupling/ElectronPhononCoupling/data/LiF_g2/epc_outputs/tdr_stat_EP.nc
scripts/post_processing/ElectronPhononCoupling/ElectronPhononCoupling/data/LiF_g2/epc_outputs/tdr_stat_REN.dat
scripts/post_processing/ElectronPhononCoupling/ElectronPhononCoupling/data/LiF_g2/epc_outputs/tdr_stat_nosplit_EP.nc
scripts/post_processing/ElectronPhononCoupling/ElectronPhononCoupling/data/LiF_g2/epc_outputs/tdr_stat_nosplit_REN.dat
scripts/post_processing/ElectronPhononCoupling/ElectronPhononCoupling/data/LiF_g2/epc_outputs/zp_se_EP.nc
scripts/post_processing/ElectronPhononCoupling/ElectronPhononCoupling/data/LiF_g2/epc_outputs/zp_se_REN.dat
scripts/post_processing/ElectronPhononCoupling/ElectronPhononCoupling/data/LiF_g2/epc_outputs/zp_sf_EP.nc
scripts/post_processing/ElectronPhononCoupling/ElectronPhononCoupling/data/LiF_g2/epc_outputs/zp_sf_REN.dat
scripts/post_processing/ElectronPhononCoupling/ElectronPhononCoupling/data/LiF_g2/epc_outputs/zpb_stat_nosplit_EP.nc
scripts/post_processing/ElectronPhononCoupling/ElectronPhononCoupling/data/LiF_g2/epc_outputs/zpb_stat_nosplit_REN.dat
scripts/post_processing/ElectronPhononCoupling/ElectronPhononCoupling/data/LiF_g2/epc_outputs/zpr_dyn_EP.nc
scripts/post_processing/ElectronPhononCoupling/ElectronPhononCoupling/data/LiF_g2/epc_outputs/zpr_dyn_REN.dat
scripts/post_processing/ElectronPhononCoupling/ElectronPhononCoupling/data/LiF_g2/epc_outputs/zpr_stat_EP.nc
scripts/post_processing/ElectronPhononCoupling/ElectronPhononCoupling/data/LiF_g2/epc_outputs/zpr_stat_REN.dat
scripts/post_processing/ElectronPhononCoupling/ElectronPhononCoupling/data/LiF_g2/epc_outputs/zpr_stat_nosplit_EP.nc
scripts/post_processing/ElectronPhononCoupling/ElectronPhononCoupling/data/LiF_g2/epc_outputs/zpr_stat_nosplit_REN.dat
scripts/post_processing/ElectronPhononCoupling/ElectronPhononCoupling/data/LiF_g2/odat_calc_DS10_EIG.nc
scripts/post_processing/ElectronPhononCoupling/ElectronPhononCoupling/data/LiF_g2/odat_calc_DS10_GSR.nc
scripts/post_processing/ElectronPhononCoupling/ElectronPhononCoupling/data/LiF_g2/odat_calc_DS11_DDB
scripts/post_processing/ElectronPhononCoupling/ElectronPhononCoupling/data/LiF_g2/odat_calc_DS11_DDB.nc
scripts/post_processing/ElectronPhononCoupling/ElectronPhononCoupling/data/LiF_g2/odat_calc_DS11_EIGI2D
scripts/post_processing/ElectronPhononCoupling/ElectronPhononCoupling/data/LiF_g2/odat_calc_DS11_EIGI2D.nc
scripts/post_processing/ElectronPhononCoupling/ElectronPhononCoupling/data/LiF_g2/odat_calc_DS11_EIGR2D
scripts/post_processing/ElectronPhononCoupling/ElectronPhononCoupling/data/LiF_g2/odat_calc_DS11_EIGR2D.nc
scripts/post_processing/ElectronPhononCoupling/ElectronPhononCoupling/data/LiF_g2/odat_calc_DS11_GKK.nc
scripts/post_processing/ElectronPhononCoupling/ElectronPhononCoupling/data/LiF_g2/odat_calc_DS12_EIG.nc
scripts/post_processing/ElectronPhononCoupling/ElectronPhononCoupling/data/LiF_g2/odat_calc_DS12_GSR.nc
scripts/post_processing/ElectronPhononCoupling/ElectronPhononCoupling/data/LiF_g2/odat_calc_DS13_DDB
scripts/post_processing/ElectronPhononCoupling/ElectronPhononCoupling/data/LiF_g2/odat_calc_DS13_DDB.nc
scripts/post_processing/ElectronPhononCoupling/ElectronPhononCoupling/data/LiF_g2/odat_calc_DS14_EIG.nc
scripts/post_processing/ElectronPhononCoupling/ElectronPhononCoupling/data/LiF_g2/odat_calc_DS14_GSR.nc
scripts/post_processing/ElectronPhononCoupling/ElectronPhononCoupling/data/LiF_g2/odat_calc_DS15_DDB
scripts/post_processing/ElectronPhononCoupling/ElectronPhononCoupling/data/LiF_g2/odat_calc_DS15_DDB.nc
scripts/post_processing/ElectronPhononCoupling/ElectronPhononCoupling/data/LiF_g2/odat_calc_DS15_EIGI2D
scripts/post_processing/ElectronPhononCoupling/ElectronPhononCoupling/data/LiF_g2/odat_calc_DS15_EIGI2D.nc
scripts/post_processing/ElectronPhononCoupling/ElectronPhononCoupling/data/LiF_g2/odat_calc_DS15_EIGR2D
scripts/post_processing/ElectronPhononCoupling/ElectronPhononCoupling/data/LiF_g2/odat_calc_DS15_EIGR2D.nc
scripts/post_processing/ElectronPhononCoupling/ElectronPhononCoupling/data/LiF_g2/odat_calc_DS15_GKK.nc
scripts/post_processing/ElectronPhononCoupling/ElectronPhononCoupling/data/LiF_g2/odat_calc_DS1_DDB
scripts/post_processing/ElectronPhononCoupling/ElectronPhononCoupling/data/LiF_g2/odat_calc_DS1_EIG.nc
scripts/post_processing/ElectronPhononCoupling/ElectronPhononCoupling/data/LiF_g2/odat_calc_DS1_GSR.nc
scripts/post_processing/ElectronPhononCoupling/ElectronPhononCoupling/data/LiF_g2/odat_calc_DS2_EIG.nc
scripts/post_processing/ElectronPhononCoupling/ElectronPhononCoupling/data/LiF_g2/odat_calc_DS2_GSR.nc
scripts/post_processing/ElectronPhononCoupling/ElectronPhononCoupling/data/LiF_g2/odat_calc_DS3_EIG.nc
scripts/post_processing/ElectronPhononCoupling/ElectronPhononCoupling/data/LiF_g2/odat_calc_DS3_GSR.nc
scripts/post_processing/ElectronPhononCoupling/ElectronPhononCoupling/data/LiF_g2/odat_calc_DS4_EIG.nc
scripts/post_processing/ElectronPhononCoupling/ElectronPhononCoupling/data/LiF_g2/odat_calc_DS4_GSR.nc
scripts/post_processing/ElectronPhononCoupling/ElectronPhononCoupling/data/LiF_g2/odat_calc_DS5_DDB
scripts/post_processing/ElectronPhononCoupling/ElectronPhononCoupling/data/LiF_g2/odat_calc_DS5_DDB.nc
scripts/post_processing/ElectronPhononCoupling/ElectronPhononCoupling/data/LiF_g2/odat_calc_DS6_EIG.nc
scripts/post_processing/ElectronPhononCoupling/ElectronPhononCoupling/data/LiF_g2/odat_calc_DS6_GSR.nc
scripts/post_processing/ElectronPhononCoupling/ElectronPhononCoupling/data/LiF_g2/odat_calc_DS7_DDB
scripts/post_processing/ElectronPhononCoupling/ElectronPhononCoupling/data/LiF_g2/odat_calc_DS7_DDB.nc
scripts/post_processing/ElectronPhononCoupling/ElectronPhononCoupling/data/LiF_g2/odat_calc_DS7_EIGI2D
scripts/post_processing/ElectronPhononCoupling/ElectronPhononCoupling/data/LiF_g2/odat_calc_DS7_EIGI2D.nc
scripts/post_processing/ElectronPhononCoupling/ElectronPhononCoupling/data/LiF_g2/odat_calc_DS7_EIGR2D
scripts/post_processing/ElectronPhononCoupling/ElectronPhononCoupling/data/LiF_g2/odat_calc_DS7_EIGR2D.nc
scripts/post_processing/ElectronPhononCoupling/ElectronPhononCoupling/data/LiF_g2/odat_calc_DS7_GKK.nc
scripts/post_processing/ElectronPhononCoupling/ElectronPhononCoupling/data/LiF_g2/odat_calc_DS8_EIG.nc
scripts/post_processing/ElectronPhononCoupling/ElectronPhononCoupling/data/LiF_g2/odat_calc_DS8_GSR.nc
scripts/post_processing/ElectronPhononCoupling/ElectronPhononCoupling/data/LiF_g2/odat_calc_DS9_DDB
scripts/post_processing/ElectronPhononCoupling/ElectronPhononCoupling/data/LiF_g2/odat_calc_DS9_DDB.nc
scripts/post_processing/ElectronPhononCoupling/ElectronPhononCoupling/data/LiF_g2_2/__init__.py
scripts/post_processing/ElectronPhononCoupling/ElectronPhononCoupling/data/LiF_g2_2/epc_outputs/td_se_double_grid_EP.nc
scripts/post_processing/ElectronPhononCoupling/ElectronPhononCoupling/data/LiF_g2_2/epc_outputs/td_se_double_grid_REN.dat
scripts/post_processing/ElectronPhononCoupling/ElectronPhononCoupling/data/LiF_g2_2/epc_outputs/tdb_dyn_double_grid_EP.nc
scripts/post_processing/ElectronPhononCoupling/ElectronPhononCoupling/data/LiF_g2_2/epc_outputs/tdb_dyn_double_grid_REN.dat
scripts/post_processing/ElectronPhononCoupling/ElectronPhononCoupling/data/LiF_g2_2/epc_outputs/zp_se_double_grid_EP.nc
scripts/post_processing/ElectronPhononCoupling/ElectronPhononCoupling/data/LiF_g2_2/epc_outputs/zp_se_double_grid_REN.dat
scripts/post_processing/ElectronPhononCoupling/ElectronPhononCoupling/data/LiF_g4/DVSCF/WFK/calc.files
scripts/post_processing/ElectronPhononCoupling/ElectronPhononCoupling/data/LiF_g4/DVSCF/WFK/calc.in
scripts/post_processing/ElectronPhononCoupling/ElectronPhononCoupling/data/LiF_g4/DVSCF/WFK/calc.out
scripts/post_processing/ElectronPhononCoupling/ElectronPhononCoupling/data/LiF_g4/DVSCF/WFK/out_data/odat_EIG.nc
scripts/post_processing/ElectronPhononCoupling/ElectronPhononCoupling/data/LiF_g4/DVSCF/WFK/run.sh
scripts/post_processing/ElectronPhononCoupling/ElectronPhononCoupling/data/LiF_g4/DVSCF/qpt-0001/DVSCF/calc.files
scripts/post_processing/ElectronPhononCoupling/ElectronPhononCoupling/data/LiF_g4/DVSCF/qpt-0001/DVSCF/calc.in
scripts/post_processing/ElectronPhononCoupling/ElectronPhononCoupling/data/LiF_g4/DVSCF/qpt-0001/DVSCF/calc.out
scripts/post_processing/ElectronPhononCoupling/ElectronPhononCoupling/data/LiF_g4/DVSCF/qpt-0001/DVSCF/out_data/odat_DDB
scripts/post_processing/ElectronPhononCoupling/ElectronPhononCoupling/data/LiF_g4/DVSCF/qpt-0001/DVSCF/out_data/odat_DDB.nc
scripts/post_processing/ElectronPhononCoupling/ElectronPhononCoupling/data/LiF_g4/DVSCF/qpt-0001/DVSCF/run.sh
scripts/post_processing/ElectronPhononCoupling/ElectronPhononCoupling/data/LiF_g4/DVSCF/qpt-0001/WFQ/calc.files
scripts/post_processing/ElectronPhononCoupling/ElectronPhononCoupling/data/LiF_g4/DVSCF/qpt-0001/WFQ/calc.in
scripts/post_processing/ElectronPhononCoupling/ElectronPhononCoupling/data/LiF_g4/DVSCF/qpt-0001/WFQ/calc.out
scripts/post_processing/ElectronPhononCoupling/ElectronPhononCoupling/data/LiF_g4/DVSCF/qpt-0001/WFQ/out_data/odat_EIG.nc
scripts/post_processing/ElectronPhononCoupling/ElectronPhononCoupling/data/LiF_g4/DVSCF/qpt-0001/WFQ/run.sh
scripts/post_processing/ElectronPhononCoupling/ElectronPhononCoupling/data/LiF_g4/DVSCF/qpt-0002/DVSCF/calc.files
scripts/post_processing/ElectronPhononCoupling/ElectronPhononCoupling/data/LiF_g4/DVSCF/qpt-0002/DVSCF/calc.in
scripts/post_processing/ElectronPhononCoupling/ElectronPhononCoupling/data/LiF_g4/DVSCF/qpt-0002/DVSCF/calc.out
scripts/post_processing/ElectronPhononCoupling/ElectronPhononCoupling/data/LiF_g4/DVSCF/qpt-0002/DVSCF/out_data/odat_DDB
scripts/post_processing/ElectronPhononCoupling/ElectronPhononCoupling/data/LiF_g4/DVSCF/qpt-0002/DVSCF/out_data/odat_DDB.nc
scripts/post_processing/ElectronPhononCoupling/ElectronPhononCoupling/data/LiF_g4/DVSCF/qpt-0002/DVSCF/run.sh
scripts/post_processing/ElectronPhononCoupling/ElectronPhononCoupling/data/LiF_g4/DVSCF/qpt-0002/WFQ/calc.files
scripts/post_processing/ElectronPhononCoupling/ElectronPhononCoupling/data/LiF_g4/DVSCF/qpt-0002/WFQ/calc.in
scripts/post_processing/ElectronPhononCoupling/ElectronPhononCoupling/data/LiF_g4/DVSCF/qpt-0002/WFQ/calc.out
scripts/post_processing/ElectronPhononCoupling/ElectronPhononCoupling/data/LiF_g4/DVSCF/qpt-0002/WFQ/out_data/odat_EIG.nc
scripts/post_processing/ElectronPhononCoupling/ElectronPhononCoupling/data/LiF_g4/DVSCF/qpt-0002/WFQ/run.sh
scripts/post_processing/ElectronPhononCoupling/ElectronPhononCoupling/data/LiF_g4/DVSCF/qpt-0003/DVSCF/calc.files
scripts/post_processing/ElectronPhononCoupling/ElectronPhononCoupling/data/LiF_g4/DVSCF/qpt-0003/DVSCF/calc.in
scripts/post_processing/ElectronPhononCoupling/ElectronPhononCoupling/data/LiF_g4/DVSCF/qpt-0003/DVSCF/calc.out
scripts/post_processing/ElectronPhononCoupling/ElectronPhononCoupling/data/LiF_g4/DVSCF/qpt-0003/DVSCF/out_data/odat_DDB
scripts/post_processing/ElectronPhononCoupling/ElectronPhononCoupling/data/LiF_g4/DVSCF/qpt-0003/DVSCF/out_data/odat_DDB.nc
scripts/post_processing/ElectronPhononCoupling/ElectronPhononCoupling/data/LiF_g4/DVSCF/qpt-0003/DVSCF/run.sh
scripts/post_processing/ElectronPhononCoupling/ElectronPhononCoupling/data/LiF_g4/DVSCF/qpt-0003/WFQ/calc.files
scripts/post_processing/ElectronPhononCoupling/ElectronPhononCoupling/data/LiF_g4/DVSCF/qpt-0003/WFQ/calc.in
scripts/post_processing/ElectronPhononCoupling/ElectronPhononCoupling/data/LiF_g4/DVSCF/qpt-0003/WFQ/calc.out
scripts/post_processing/ElectronPhononCoupling/ElectronPhononCoupling/data/LiF_g4/DVSCF/qpt-0003/WFQ/out_data/odat_EIG.nc
scripts/post_processing/ElectronPhononCoupling/ElectronPhononCoupling/data/LiF_g4/DVSCF/qpt-0003/WFQ/run.sh
scripts/post_processing/ElectronPhononCoupling/ElectronPhononCoupling/data/LiF_g4/DVSCF/qpt-0004/DVSCF/calc.files
scripts/post_processing/ElectronPhononCoupling/ElectronPhononCoupling/data/LiF_g4/DVSCF/qpt-0004/DVSCF/calc.in
scripts/post_processing/ElectronPhononCoupling/ElectronPhononCoupling/data/LiF_g4/DVSCF/qpt-0004/DVSCF/calc.out
scripts/post_processing/ElectronPhononCoupling/ElectronPhononCoupling/data/LiF_g4/DVSCF/qpt-0004/DVSCF/out_data/odat_DDB
scripts/post_processing/ElectronPhononCoupling/ElectronPhononCoupling/data/LiF_g4/DVSCF/qpt-0004/DVSCF/out_data/odat_DDB.nc
scripts/post_processing/ElectronPhononCoupling/ElectronPhononCoupling/data/LiF_g4/DVSCF/qpt-0004/DVSCF/run.sh
scripts/post_processing/ElectronPhononCoupling/ElectronPhononCoupling/data/LiF_g4/DVSCF/qpt-0004/WFQ/calc.files
scripts/post_processing/ElectronPhononCoupling/ElectronPhononCoupling/data/LiF_g4/DVSCF/qpt-0004/WFQ/calc.in
scripts/post_processing/ElectronPhononCoupling/ElectronPhononCoupling/data/LiF_g4/DVSCF/qpt-0004/WFQ/calc.out
scripts/post_processing/ElectronPhononCoupling/ElectronPhononCoupling/data/LiF_g4/DVSCF/qpt-0004/WFQ/out_data/odat_EIG.nc
scripts/post_processing/ElectronPhononCoupling/ElectronPhononCoupling/data/LiF_g4/DVSCF/qpt-0004/WFQ/run.sh
scripts/post_processing/ElectronPhononCoupling/ElectronPhononCoupling/data/LiF_g4/DVSCF/qpt-0005/DVSCF/calc.files
scripts/post_processing/ElectronPhononCoupling/ElectronPhononCoupling/data/LiF_g4/DVSCF/qpt-0005/DVSCF/calc.in
scripts/post_processing/ElectronPhononCoupling/ElectronPhononCoupling/data/LiF_g4/DVSCF/qpt-0005/DVSCF/calc.out
scripts/post_processing/ElectronPhononCoupling/ElectronPhononCoupling/data/LiF_g4/DVSCF/qpt-0005/DVSCF/out_data/odat_DDB
scripts/post_processing/ElectronPhononCoupling/ElectronPhononCoupling/data/LiF_g4/DVSCF/qpt-0005/DVSCF/out_data/odat_DDB.nc
scripts/post_processing/ElectronPhononCoupling/ElectronPhononCoupling/data/LiF_g4/DVSCF/qpt-0005/DVSCF/run.sh
scripts/post_processing/ElectronPhononCoupling/ElectronPhononCoupling/data/LiF_g4/DVSCF/qpt-0005/WFQ/calc.files
scripts/post_processing/ElectronPhononCoupling/ElectronPhononCoupling/data/LiF_g4/DVSCF/qpt-0005/WFQ/calc.in
scripts/post_processing/ElectronPhononCoupling/ElectronPhononCoupling/data/LiF_g4/DVSCF/qpt-0005/WFQ/calc.out
scripts/post_processing/ElectronPhononCoupling/ElectronPhononCoupling/data/LiF_g4/DVSCF/qpt-0005/WFQ/out_data/odat_EIG.nc
scripts/post_processing/ElectronPhononCoupling/ElectronPhononCoupling/data/LiF_g4/DVSCF/qpt-0005/WFQ/run.sh
scripts/post_processing/ElectronPhononCoupling/ElectronPhononCoupling/data/LiF_g4/DVSCF/qpt-0006/DVSCF/calc.files
scripts/post_processing/ElectronPhononCoupling/ElectronPhononCoupling/data/LiF_g4/DVSCF/qpt-0006/DVSCF/calc.in
scripts/post_processing/ElectronPhononCoupling/ElectronPhononCoupling/data/LiF_g4/DVSCF/qpt-0006/DVSCF/calc.out
scripts/post_processing/ElectronPhononCoupling/ElectronPhononCoupling/data/LiF_g4/DVSCF/qpt-0006/DVSCF/out_data/odat_DDB
scripts/post_processing/ElectronPhononCoupling/ElectronPhononCoupling/data/LiF_g4/DVSCF/qpt-0006/DVSCF/out_data/odat_DDB.nc
scripts/post_processing/ElectronPhononCoupling/ElectronPhononCoupling/data/LiF_g4/DVSCF/qpt-0006/DVSCF/run.sh
scripts/post_processing/ElectronPhononCoupling/ElectronPhononCoupling/data/LiF_g4/DVSCF/qpt-0006/WFQ/calc.files
scripts/post_processing/ElectronPhononCoupling/ElectronPhononCoupling/data/LiF_g4/DVSCF/qpt-0006/WFQ/calc.in
scripts/post_processing/ElectronPhononCoupling/ElectronPhononCoupling/data/LiF_g4/DVSCF/qpt-0006/WFQ/calc.out
scripts/post_processing/ElectronPhononCoupling/ElectronPhononCoupling/data/LiF_g4/DVSCF/qpt-0006/WFQ/out_data/odat_EIG.nc
scripts/post_processing/ElectronPhononCoupling/ElectronPhononCoupling/data/LiF_g4/DVSCF/qpt-0006/WFQ/run.sh
scripts/post_processing/ElectronPhononCoupling/ElectronPhononCoupling/data/LiF_g4/DVSCF/qpt-0007/DVSCF/calc.files
scripts/post_processing/ElectronPhononCoupling/ElectronPhononCoupling/data/LiF_g4/DVSCF/qpt-0007/DVSCF/calc.in
scripts/post_processing/ElectronPhononCoupling/ElectronPhononCoupling/data/LiF_g4/DVSCF/qpt-0007/DVSCF/calc.out
scripts/post_processing/ElectronPhononCoupling/ElectronPhononCoupling/data/LiF_g4/DVSCF/qpt-0007/DVSCF/out_data/odat_DDB
scripts/post_processing/ElectronPhononCoupling/ElectronPhononCoupling/data/LiF_g4/DVSCF/qpt-0007/DVSCF/out_data/odat_DDB.nc
scripts/post_processing/ElectronPhononCoupling/ElectronPhononCoupling/data/LiF_g4/DVSCF/qpt-0007/DVSCF/run.sh
scripts/post_processing/ElectronPhononCoupling/ElectronPhononCoupling/data/LiF_g4/DVSCF/qpt-0007/WFQ/calc.files
scripts/post_processing/ElectronPhononCoupling/ElectronPhononCoupling/data/LiF_g4/DVSCF/qpt-0007/WFQ/calc.in
scripts/post_processing/ElectronPhononCoupling/ElectronPhononCoupling/data/LiF_g4/DVSCF/qpt-0007/WFQ/calc.out
scripts/post_processing/ElectronPhononCoupling/ElectronPhononCoupling/data/LiF_g4/DVSCF/qpt-0007/WFQ/out_data/odat_EIG.nc
scripts/post_processing/ElectronPhononCoupling/ElectronPhononCoupling/data/LiF_g4/DVSCF/qpt-0007/WFQ/run.sh
scripts/post_processing/ElectronPhononCoupling/ElectronPhononCoupling/data/LiF_g4/DVSCF/qpt-0008/DVSCF/calc.files
scripts/post_processing/ElectronPhononCoupling/ElectronPhononCoupling/data/LiF_g4/DVSCF/qpt-0008/DVSCF/calc.in
scripts/post_processing/ElectronPhononCoupling/ElectronPhononCoupling/data/LiF_g4/DVSCF/qpt-0008/DVSCF/calc.out
scripts/post_processing/ElectronPhononCoupling/ElectronPhononCoupling/data/LiF_g4/DVSCF/qpt-0008/DVSCF/out_data/odat_DDB
scripts/post_processing/ElectronPhononCoupling/ElectronPhononCoupling/data/LiF_g4/DVSCF/qpt-0008/DVSCF/out_data/odat_DDB.nc
scripts/post_processing/ElectronPhononCoupling/ElectronPhononCoupling/data/LiF_g4/DVSCF/qpt-0008/DVSCF/run.sh
scripts/post_processing/ElectronPhononCoupling/ElectronPhononCoupling/data/LiF_g4/DVSCF/qpt-0008/WFQ/calc.files
scripts/post_processing/ElectronPhononCoupling/ElectronPhononCoupling/data/LiF_g4/DVSCF/qpt-0008/WFQ/calc.in
scripts/post_processing/ElectronPhononCoupling/ElectronPhononCoupling/data/LiF_g4/DVSCF/qpt-0008/WFQ/calc.out
scripts/post_processing/ElectronPhononCoupling/ElectronPhononCoupling/data/LiF_g4/DVSCF/qpt-0008/WFQ/out_data/odat_EIG.nc
scripts/post_processing/ElectronPhononCoupling/ElectronPhononCoupling/data/LiF_g4/DVSCF/qpt-0008/WFQ/run.sh
scripts/post_processing/ElectronPhononCoupling/ElectronPhononCoupling/data/LiF_g4/Den/calc.files
scripts/post_processing/ElectronPhononCoupling/ElectronPhononCoupling/data/LiF_g4/Den/calc.in
scripts/post_processing/ElectronPhononCoupling/ElectronPhononCoupling/data/LiF_g4/Den/calc.out
scripts/post_processing/ElectronPhononCoupling/ElectronPhononCoupling/data/LiF_g4/Den/out_data/odat_DDB
scripts/post_processing/ElectronPhononCoupling/ElectronPhononCoupling/data/LiF_g4/Den/out_data/odat_EIG.nc
scripts/post_processing/ElectronPhononCoupling/ElectronPhononCoupling/data/LiF_g4/Den/run.sh
scripts/post_processing/ElectronPhononCoupling/ElectronPhononCoupling/data/LiF_g4/EPC/WFK/calc.files
scripts/post_processing/ElectronPhononCoupling/ElectronPhononCoupling/data/LiF_g4/EPC/WFK/calc.in
scripts/post_processing/ElectronPhononCoupling/ElectronPhononCoupling/data/LiF_g4/EPC/WFK/calc.out
scripts/post_processing/ElectronPhononCoupling/ElectronPhononCoupling/data/LiF_g4/EPC/WFK/out_data/odat_EIG.nc
scripts/post_processing/ElectronPhononCoupling/ElectronPhononCoupling/data/LiF_g4/EPC/WFK/run.sh
scripts/post_processing/ElectronPhononCoupling/ElectronPhononCoupling/data/LiF_g4/EPC/qpt-0001/EPC/calc.files
scripts/post_processing/ElectronPhononCoupling/ElectronPhononCoupling/data/LiF_g4/EPC/qpt-0001/EPC/calc.in
scripts/post_processing/ElectronPhononCoupling/ElectronPhononCoupling/data/LiF_g4/EPC/qpt-0001/EPC/calc.out
scripts/post_processing/ElectronPhononCoupling/ElectronPhononCoupling/data/LiF_g4/EPC/qpt-0001/EPC/out_data/odat_DDB
scripts/post_processing/ElectronPhononCoupling/ElectronPhononCoupling/data/LiF_g4/EPC/qpt-0001/EPC/out_data/odat_DDB.nc
scripts/post_processing/ElectronPhononCoupling/ElectronPhononCoupling/data/LiF_g4/EPC/qpt-0001/EPC/out_data/odat_EIGR2D.nc
scripts/post_processing/ElectronPhononCoupling/ElectronPhononCoupling/data/LiF_g4/EPC/qpt-0001/EPC/out_data/odat_GKK.nc
scripts/post_processing/ElectronPhononCoupling/ElectronPhononCoupling/data/LiF_g4/EPC/qpt-0001/EPC/run.sh
scripts/post_processing/ElectronPhononCoupling/ElectronPhononCoupling/data/LiF_g4/EPC/qpt-0001/WFQ/calc.files
scripts/post_processing/ElectronPhononCoupling/ElectronPhononCoupling/data/LiF_g4/EPC/qpt-0001/WFQ/calc.in
scripts/post_processing/ElectronPhononCoupling/ElectronPhononCoupling/data/LiF_g4/EPC/qpt-0001/WFQ/calc.out
scripts/post_processing/ElectronPhononCoupling/ElectronPhononCoupling/data/LiF_g4/EPC/qpt-0001/WFQ/out_data/odat_EIG.nc
scripts/post_processing/ElectronPhononCoupling/ElectronPhononCoupling/data/LiF_g4/EPC/qpt-0001/WFQ/run.sh
scripts/post_processing/ElectronPhononCoupling/ElectronPhononCoupling/data/LiF_g4/EPC/qpt-0002/EPC/calc.files
scripts/post_processing/ElectronPhononCoupling/ElectronPhononCoupling/data/LiF_g4/EPC/qpt-0002/EPC/calc.in
scripts/post_processing/ElectronPhononCoupling/ElectronPhononCoupling/data/LiF_g4/EPC/qpt-0002/EPC/calc.out
scripts/post_processing/ElectronPhononCoupling/ElectronPhononCoupling/data/LiF_g4/EPC/qpt-0002/EPC/out_data/odat_DDB
scripts/post_processing/ElectronPhononCoupling/ElectronPhononCoupling/data/LiF_g4/EPC/qpt-0002/EPC/out_data/odat_DDB.nc
scripts/post_processing/ElectronPhononCoupling/ElectronPhononCoupling/data/LiF_g4/EPC/qpt-0002/EPC/out_data/odat_EIGR2D.nc
scripts/post_processing/ElectronPhononCoupling/ElectronPhononCoupling/data/LiF_g4/EPC/qpt-0002/EPC/out_data/odat_GKK.nc
scripts/post_processing/ElectronPhononCoupling/ElectronPhononCoupling/data/LiF_g4/EPC/qpt-0002/EPC/run.sh
scripts/post_processing/ElectronPhononCoupling/ElectronPhononCoupling/data/LiF_g4/EPC/qpt-0002/WFQ/calc.files
scripts/post_processing/ElectronPhononCoupling/ElectronPhononCoupling/data/LiF_g4/EPC/qpt-0002/WFQ/calc.in
scripts/post_processing/ElectronPhononCoupling/ElectronPhononCoupling/data/LiF_g4/EPC/qpt-0002/WFQ/calc.out
scripts/post_processing/ElectronPhononCoupling/ElectronPhononCoupling/data/LiF_g4/EPC/qpt-0002/WFQ/out_data/odat_EIG.nc
scripts/post_processing/ElectronPhononCoupling/ElectronPhononCoupling/data/LiF_g4/EPC/qpt-0002/WFQ/run.sh
scripts/post_processing/ElectronPhononCoupling/ElectronPhononCoupling/data/LiF_g4/EPC/qpt-0003/EPC/calc.files
scripts/post_processing/ElectronPhononCoupling/ElectronPhononCoupling/data/LiF_g4/EPC/qpt-0003/EPC/calc.in
scripts/post_processing/ElectronPhononCoupling/ElectronPhononCoupling/data/LiF_g4/EPC/qpt-0003/EPC/calc.out
scripts/post_processing/ElectronPhononCoupling/ElectronPhononCoupling/data/LiF_g4/EPC/qpt-0003/EPC/out_data/odat_DDB
scripts/post_processing/ElectronPhononCoupling/ElectronPhononCoupling/data/LiF_g4/EPC/qpt-0003/EPC/out_data/odat_DDB.nc
scripts/post_processing/ElectronPhononCoupling/ElectronPhononCoupling/data/LiF_g4/EPC/qpt-0003/EPC/out_data/odat_EIGR2D.nc
scripts/post_processing/ElectronPhononCoupling/ElectronPhononCoupling/data/LiF_g4/EPC/qpt-0003/EPC/out_data/odat_GKK.nc
scripts/post_processing/ElectronPhononCoupling/ElectronPhononCoupling/data/LiF_g4/EPC/qpt-0003/EPC/run.sh
scripts/post_processing/ElectronPhononCoupling/ElectronPhononCoupling/data/LiF_g4/EPC/qpt-0003/WFQ/calc.files
scripts/post_processing/ElectronPhononCoupling/ElectronPhononCoupling/data/LiF_g4/EPC/qpt-0003/WFQ/calc.in
scripts/post_processing/ElectronPhononCoupling/ElectronPhononCoupling/data/LiF_g4/EPC/qpt-0003/WFQ/calc.out
scripts/post_processing/ElectronPhononCoupling/ElectronPhononCoupling/data/LiF_g4/EPC/qpt-0003/WFQ/out_data/odat_EIG.nc
scripts/post_processing/ElectronPhononCoupling/ElectronPhononCoupling/data/LiF_g4/EPC/qpt-0003/WFQ/run.sh
scripts/post_processing/ElectronPhononCoupling/ElectronPhononCoupling/data/LiF_g4/EPC/qpt-0004/EPC/calc.files
scripts/post_processing/ElectronPhononCoupling/ElectronPhononCoupling/data/LiF_g4/EPC/qpt-0004/EPC/calc.in
scripts/post_processing/ElectronPhononCoupling/ElectronPhononCoupling/data/LiF_g4/EPC/qpt-0004/EPC/calc.out
scripts/post_processing/ElectronPhononCoupling/ElectronPhononCoupling/data/LiF_g4/EPC/qpt-0004/EPC/out_data/odat_DDB
scripts/post_processing/ElectronPhononCoupling/ElectronPhononCoupling/data/LiF_g4/EPC/qpt-0004/EPC/out_data/odat_DDB.nc
scripts/post_processing/ElectronPhononCoupling/ElectronPhononCoupling/data/LiF_g4/EPC/qpt-0004/EPC/out_data/odat_EIGR2D.nc
scripts/post_processing/ElectronPhononCoupling/ElectronPhononCoupling/data/LiF_g4/EPC/qpt-0004/EPC/out_data/odat_GKK.nc
scripts/post_processing/ElectronPhononCoupling/ElectronPhononCoupling/data/LiF_g4/EPC/qpt-0004/EPC/run.sh
scripts/post_processing/ElectronPhononCoupling/ElectronPhononCoupling/data/LiF_g4/EPC/qpt-0004/WFQ/calc.files
scripts/post_processing/ElectronPhononCoupling/ElectronPhononCoupling/data/LiF_g4/EPC/qpt-0004/WFQ/calc.in
scripts/post_processing/ElectronPhononCoupling/ElectronPhononCoupling/data/LiF_g4/EPC/qpt-0004/WFQ/calc.out
scripts/post_processing/ElectronPhononCoupling/ElectronPhononCoupling/data/LiF_g4/EPC/qpt-0004/WFQ/out_data/odat_EIG.nc
scripts/post_processing/ElectronPhononCoupling/ElectronPhononCoupling/data/LiF_g4/EPC/qpt-0004/WFQ/run.sh
scripts/post_processing/ElectronPhononCoupling/ElectronPhononCoupling/data/LiF_g4/EPC/qpt-0005/EPC/calc.files
scripts/post_processing/ElectronPhononCoupling/ElectronPhononCoupling/data/LiF_g4/EPC/qpt-0005/EPC/calc.in
scripts/post_processing/ElectronPhononCoupling/ElectronPhononCoupling/data/LiF_g4/EPC/qpt-0005/EPC/calc.out
scripts/post_processing/ElectronPhononCoupling/ElectronPhononCoupling/data/LiF_g4/EPC/qpt-0005/EPC/out_data/odat_DDB
scripts/post_processing/ElectronPhononCoupling/ElectronPhononCoupling/data/LiF_g4/EPC/qpt-0005/EPC/out_data/odat_DDB.nc
scripts/post_processing/ElectronPhononCoupling/ElectronPhononCoupling/data/LiF_g4/EPC/qpt-0005/EPC/out_data/odat_EIGR2D.nc
scripts/post_processing/ElectronPhononCoupling/ElectronPhononCoupling/data/LiF_g4/EPC/qpt-0005/EPC/out_data/odat_GKK.nc
scripts/post_processing/ElectronPhononCoupling/ElectronPhononCoupling/data/LiF_g4/EPC/qpt-0005/EPC/run.sh
scripts/post_processing/ElectronPhononCoupling/ElectronPhononCoupling/data/LiF_g4/EPC/qpt-0005/WFQ/calc.files
scripts/post_processing/ElectronPhononCoupling/ElectronPhononCoupling/data/LiF_g4/EPC/qpt-0005/WFQ/calc.in
scripts/post_processing/ElectronPhononCoupling/ElectronPhononCoupling/data/LiF_g4/EPC/qpt-0005/WFQ/calc.out
scripts/post_processing/ElectronPhononCoupling/ElectronPhononCoupling/data/LiF_g4/EPC/qpt-0005/WFQ/out_data/odat_EIG.nc
scripts/post_processing/ElectronPhononCoupling/ElectronPhononCoupling/data/LiF_g4/EPC/qpt-0005/WFQ/run.sh
scripts/post_processing/ElectronPhononCoupling/ElectronPhononCoupling/data/LiF_g4/EPC/qpt-0006/EPC/calc.files
scripts/post_processing/ElectronPhononCoupling/ElectronPhononCoupling/data/LiF_g4/EPC/qpt-0006/EPC/calc.in
scripts/post_processing/ElectronPhononCoupling/ElectronPhononCoupling/data/LiF_g4/EPC/qpt-0006/EPC/calc.out
scripts/post_processing/ElectronPhononCoupling/ElectronPhononCoupling/data/LiF_g4/EPC/qpt-0006/EPC/out_data/odat_DDB
scripts/post_processing/ElectronPhononCoupling/ElectronPhononCoupling/data/LiF_g4/EPC/qpt-0006/EPC/out_data/odat_DDB.nc
scripts/post_processing/ElectronPhononCoupling/ElectronPhononCoupling/data/LiF_g4/EPC/qpt-0006/EPC/out_data/odat_EIGR2D.nc
scripts/post_processing/ElectronPhononCoupling/ElectronPhononCoupling/data/LiF_g4/EPC/qpt-0006/EPC/out_data/odat_GKK.nc
scripts/post_processing/ElectronPhononCoupling/ElectronPhononCoupling/data/LiF_g4/EPC/qpt-0006/EPC/run.sh
scripts/post_processing/ElectronPhononCoupling/ElectronPhononCoupling/data/LiF_g4/EPC/qpt-0006/WFQ/calc.files
scripts/post_processing/ElectronPhononCoupling/ElectronPhononCoupling/data/LiF_g4/EPC/qpt-0006/WFQ/calc.in
scripts/post_processing/ElectronPhononCoupling/ElectronPhononCoupling/data/LiF_g4/EPC/qpt-0006/WFQ/calc.out
scripts/post_processing/ElectronPhononCoupling/ElectronPhononCoupling/data/LiF_g4/EPC/qpt-0006/WFQ/out_data/odat_EIG.nc
scripts/post_processing/ElectronPhononCoupling/ElectronPhononCoupling/data/LiF_g4/EPC/qpt-0006/WFQ/run.sh
scripts/post_processing/ElectronPhononCoupling/ElectronPhononCoupling/data/LiF_g4/EPC/qpt-0007/EPC/calc.files
scripts/post_processing/ElectronPhononCoupling/ElectronPhononCoupling/data/LiF_g4/EPC/qpt-0007/EPC/calc.in
scripts/post_processing/ElectronPhononCoupling/ElectronPhononCoupling/data/LiF_g4/EPC/qpt-0007/EPC/calc.out
scripts/post_processing/ElectronPhononCoupling/ElectronPhononCoupling/data/LiF_g4/EPC/qpt-0007/EPC/out_data/odat_DDB
scripts/post_processing/ElectronPhononCoupling/ElectronPhononCoupling/data/LiF_g4/EPC/qpt-0007/EPC/out_data/odat_DDB.nc
scripts/post_processing/ElectronPhononCoupling/ElectronPhononCoupling/data/LiF_g4/EPC/qpt-0007/EPC/out_data/odat_EIGR2D.nc
scripts/post_processing/ElectronPhononCoupling/ElectronPhononCoupling/data/LiF_g4/EPC/qpt-0007/EPC/out_data/odat_GKK.nc
scripts/post_processing/ElectronPhononCoupling/ElectronPhononCoupling/data/LiF_g4/EPC/qpt-0007/EPC/run.sh
scripts/post_processing/ElectronPhononCoupling/ElectronPhononCoupling/data/LiF_g4/EPC/qpt-0007/WFQ/calc.files
scripts/post_processing/ElectronPhononCoupling/ElectronPhononCoupling/data/LiF_g4/EPC/qpt-0007/WFQ/calc.in
scripts/post_processing/ElectronPhononCoupling/ElectronPhononCoupling/data/LiF_g4/EPC/qpt-0007/WFQ/calc.out
scripts/post_processing/ElectronPhononCoupling/ElectronPhononCoupling/data/LiF_g4/EPC/qpt-0007/WFQ/out_data/odat_EIG.nc
scripts/post_processing/ElectronPhononCoupling/ElectronPhononCoupling/data/LiF_g4/EPC/qpt-0007/WFQ/run.sh
scripts/post_processing/ElectronPhononCoupling/ElectronPhononCoupling/data/LiF_g4/EPC/qpt-0008/EPC/calc.files
scripts/post_processing/ElectronPhononCoupling/ElectronPhononCoupling/data/LiF_g4/EPC/qpt-0008/EPC/calc.in
scripts/post_processing/ElectronPhononCoupling/ElectronPhononCoupling/data/LiF_g4/EPC/qpt-0008/EPC/calc.out
scripts/post_processing/ElectronPhononCoupling/ElectronPhononCoupling/data/LiF_g4/EPC/qpt-0008/EPC/out_data/odat_DDB
scripts/post_processing/ElectronPhononCoupling/ElectronPhononCoupling/data/LiF_g4/EPC/qpt-0008/EPC/out_data/odat_DDB.nc
scripts/post_processing/ElectronPhononCoupling/ElectronPhononCoupling/data/LiF_g4/EPC/qpt-0008/EPC/out_data/odat_EIGR2D.nc
scripts/post_processing/ElectronPhononCoupling/ElectronPhononCoupling/data/LiF_g4/EPC/qpt-0008/EPC/out_data/odat_GKK.nc
scripts/post_processing/ElectronPhononCoupling/ElectronPhononCoupling/data/LiF_g4/EPC/qpt-0008/EPC/run.sh
scripts/post_processing/ElectronPhononCoupling/ElectronPhononCoupling/data/LiF_g4/EPC/qpt-0008/WFQ/calc.files
scripts/post_processing/ElectronPhononCoupling/ElectronPhononCoupling/data/LiF_g4/EPC/qpt-0008/WFQ/calc.in
scripts/post_processing/ElectronPhononCoupling/ElectronPhononCoupling/data/LiF_g4/EPC/qpt-0008/WFQ/calc.out
scripts/post_processing/ElectronPhononCoupling/ElectronPhononCoupling/data/LiF_g4/EPC/qpt-0008/WFQ/out_data/odat_EIG.nc
scripts/post_processing/ElectronPhononCoupling/ElectronPhononCoupling/data/LiF_g4/EPC/qpt-0008/WFQ/run.sh
scripts/post_processing/ElectronPhononCoupling/ElectronPhononCoupling/data/LiF_g4/__init__.py
scripts/post_processing/ElectronPhononCoupling/ElectronPhononCoupling/data/LiF_g4/epc_outputs/tdb_dyn_EP.nc
scripts/post_processing/ElectronPhononCoupling/ElectronPhononCoupling/data/LiF_g4/epc_outputs/tdb_dyn_REN.dat
scripts/post_processing/ElectronPhononCoupling/ElectronPhononCoupling/data/LiF_g4/epc_outputs/tdb_stat_EP.nc
scripts/post_processing/ElectronPhononCoupling/ElectronPhononCoupling/data/LiF_g4/epc_outputs/tdb_stat_REN.dat
scripts/post_processing/ElectronPhononCoupling/ElectronPhononCoupling/data/LiF_g4/epc_outputs/tdr_dyn_EP.nc
scripts/post_processing/ElectronPhononCoupling/ElectronPhononCoupling/data/LiF_g4/epc_outputs/tdr_dyn_REN.dat
scripts/post_processing/ElectronPhononCoupling/ElectronPhononCoupling/data/LiF_g4/epc_outputs/tdr_dyn_REN.txt
scripts/post_processing/ElectronPhononCoupling/ElectronPhononCoupling/data/LiF_g4/epc_outputs/zpb_dyn_EP.nc
scripts/post_processing/ElectronPhononCoupling/ElectronPhononCoupling/data/LiF_g4/epc_outputs/zpb_dyn_REN.dat
scripts/post_processing/ElectronPhononCoupling/ElectronPhononCoupling/data/LiF_g4/epc_outputs/zpb_stat_EP.nc
scripts/post_processing/ElectronPhononCoupling/ElectronPhononCoupling/data/LiF_g4/epc_outputs/zpb_stat_REN.dat
scripts/post_processing/ElectronPhononCoupling/ElectronPhononCoupling/data/LiF_g4/epc_outputs/zpr_dyn_EP.nc
scripts/post_processing/ElectronPhononCoupling/ElectronPhononCoupling/data/LiF_g4/epc_outputs/zpr_dyn_REN.dat
scripts/post_processing/ElectronPhononCoupling/ElectronPhononCoupling/data/LiF_g4/epc_outputs/zpr_dyn_REN.txt
scripts/post_processing/ElectronPhononCoupling/ElectronPhononCoupling/data/LiF_g4/epc_outputs/zpr_stat_mode_EP.nc
scripts/post_processing/ElectronPhononCoupling/ElectronPhononCoupling/data/LiF_g4/epc_outputs/zpr_stat_mode_REN.dat
scripts/post_processing/ElectronPhononCoupling/ElectronPhononCoupling/data/LiF_g4/run.sh
scripts/post_processing/ElectronPhononCoupling/ElectronPhononCoupling/data/Psps_for_tests/03-Li.LDA.TM.pspnc
scripts/post_processing/ElectronPhononCoupling/ElectronPhononCoupling/data/Psps_for_tests/09-F.LDA.TM.pspnc
scripts/post_processing/ElectronPhononCoupling/ElectronPhononCoupling/data/__init__.py
scripts/post_processing/ElectronPhononCoupling/ElectronPhononCoupling/interface/__init__.py
scripts/post_processing/ElectronPhononCoupling/ElectronPhononCoupling/interface/compute.py
scripts/post_processing/ElectronPhononCoupling/ElectronPhononCoupling/interface/compute_cumulant.py
scripts/post_processing/ElectronPhononCoupling/ElectronPhononCoupling/tests/__init__.py
scripts/post_processing/ElectronPhononCoupling/ElectronPhononCoupling/tests/epctest.py
scripts/post_processing/ElectronPhononCoupling/ElectronPhononCoupling/tests/generate.py
scripts/post_processing/ElectronPhononCoupling/ElectronPhononCoupling/tests/setest.py
scripts/post_processing/ElectronPhononCoupling/ElectronPhononCoupling/tests/test_LiF_double_grid.py
scripts/post_processing/ElectronPhononCoupling/ElectronPhononCoupling/tests/test_LiF_g2.py
scripts/post_processing/ElectronPhononCoupling/ElectronPhononCoupling/tests/test_LiF_g4.py
scripts/post_processing/ElectronPhononCoupling/ElectronPhononCoupling/util/__init__.py
scripts/post_processing/ElectronPhononCoupling/ElectronPhononCoupling/util/ddb_converter.py
scripts/post_processing/ElectronPhononCoupling/ElectronPhononCoupling/util/ncutil.py
scripts/post_processing/ElectronPhononCoupling/ElectronPhononCoupling/util/reduce_kpoints.py
scripts/post_processing/ElectronPhononCoupling/ElectronPhononCoupling/util/symmetrize.py
scripts/post_processing/ElectronPhononCoupling/Examples/1-1-dynamical-zpr.py
scripts/post_processing/ElectronPhononCoupling/Examples/1-2-dynamical-tdr.py
scripts/post_processing/ElectronPhononCoupling/Examples/1-3-dynamical-tdb.py
scripts/post_processing/ElectronPhononCoupling/Examples/1-3-dynamical-zpb.py
scripts/post_processing/ElectronPhononCoupling/Examples/1-4-zp-spectral-function.py
scripts/post_processing/ElectronPhononCoupling/Examples/1-5-td-spectral-function.py
scripts/post_processing/ElectronPhononCoupling/Examples/1-6-static-zpr.py
scripts/post_processing/ElectronPhononCoupling/Examples/2-1-advanced.py
scripts/post_processing/ElectronPhononCoupling/Examples/Calculations/01-LiF-dynamical/calc.files
scripts/post_processing/ElectronPhononCoupling/Examples/Calculations/01-LiF-dynamical/calc.in
scripts/post_processing/ElectronPhononCoupling/Examples/Calculations/Pseudos/03-Li.LDA.TM.pspnc
scripts/post_processing/ElectronPhononCoupling/Examples/Calculations/Pseudos/09-F.LDA.TM.pspnc
scripts/post_processing/ElectronPhononCoupling/Examples/README.rst
scripts/post_processing/ElectronPhononCoupling/MANIFEST.in
scripts/post_processing/ElectronPhononCoupling/README.rst
scripts/post_processing/ElectronPhononCoupling/setup.py
scripts/post_processing/README
scripts/post_processing/Raman_spec.py
scripts/post_processing/ab_extended_scissors_guess.py
scripts/post_processing/abinit_eignc_to_bandstructure.py
scripts/post_processing/appa/README
scripts/post_processing/appa/appa.py
scripts/post_processing/appa/appa_nw.py
scripts/post_processing/appa/birch/benf.f
scripts/post_processing/appa/birch/fit.inp
scripts/post_processing/appa/fortran/__init__.py
scripts/post_processing/appa/fortran/math.f90
scripts/post_processing/appa/fortran/positions.f90
scripts/post_processing/appa/fortran/topology.f90
scripts/post_processing/appa/gui/__init__.py
scripts/post_processing/appa/gui/about.py
scripts/post_processing/appa/gui/atom_pos.py
scripts/post_processing/appa/gui/button.py
scripts/post_processing/appa/gui/conv.py
scripts/post_processing/appa/gui/elasticConstant.py
scripts/post_processing/appa/gui/graph.py
scripts/post_processing/appa/gui/gs.py
scripts/post_processing/appa/gui/loading.py
scripts/post_processing/appa/gui/main_frame.py
scripts/post_processing/appa/gui/md.py
scripts/post_processing/appa/gui/msd.py
scripts/post_processing/appa/gui/netcdf.py
scripts/post_processing/appa/gui/open_graph.py
scripts/post_processing/appa/gui/rdf.py
scripts/post_processing/appa/gui/vdos.py
scripts/post_processing/appa/reading/__init__.py
scripts/post_processing/appa/reading/input.py
scripts/post_processing/appa/reading/read.py
scripts/post_processing/appa/reading/read_graph.py
scripts/post_processing/appa/utility/__init__.py
scripts/post_processing/appa/utility/analysis.py
scripts/post_processing/appa/utility/canvas.py
scripts/post_processing/appa/utility/complet.py
scripts/post_processing/appa/utility/global_variable.py
scripts/post_processing/appa/utility/positions.py
scripts/post_processing/appa/utility/thread.py
scripts/post_processing/appa/utility/write.py
scripts/post_processing/appa/utility/writeHIST.py
scripts/post_processing/bse_hexc/hexc.py
scripts/post_processing/bse_hexc/plot_ham.py
scripts/post_processing/create_files.py
scripts/post_processing/dynamic_pol.f
scripts/post_processing/get_irreps.py
scripts/post_processing/matlab_data_analysis/EffMass.m
scripts/post_processing/matlab_data_analysis/data_analysis.help
scripts/post_processing/matlab_data_analysis/mexData.c
scripts/post_processing/merge_ddb_nc.py
scripts/post_processing/merge_gkk_nc.py
scripts/post_processing/nonlop_dfpt_test/dfpt_test.py
scripts/post_processing/nonlop_dfpt_test/exec/filesdf
scripts/post_processing/nonlop_dfpt_test/input_template/TEST_CAO-1_ATM/data
scripts/post_processing/nonlop_dfpt_test/input_template/TEST_CAO-1_ATM/inputDFk1.in
scripts/post_processing/nonlop_dfpt_test/input_template/TEST_CAO-1_ATM/inputDFk2.in
scripts/post_processing/nonlop_dfpt_test/input_template/TEST_CAO-1_ATM/inputDFk3.in
scripts/post_processing/nonlop_dfpt_test/input_template/TEST_CAO-1_ATM/inputDFk4.in
scripts/post_processing/nonlop_dfpt_test/input_template/TEST_CAO-1_ATM/inputDFk5.in
scripts/post_processing/nonlop_dfpt_test/input_template/TEST_CAO-1_ATM/inputDFk6.in
scripts/post_processing/nonlop_dfpt_test/input_template/TEST_CAO-1_K/data
scripts/post_processing/nonlop_dfpt_test/input_template/TEST_CAO-1_K/inputDFk1.in
scripts/post_processing/nonlop_dfpt_test/input_template/TEST_CAO-1_K/inputDFk2.in
scripts/post_processing/nonlop_dfpt_test/input_template/TEST_CAO-1_K/inputDFk3.in
scripts/post_processing/nonlop_dfpt_test/input_template/TEST_CAO-1_STR/data
scripts/post_processing/nonlop_dfpt_test/input_template/TEST_CAO-1_STR/inputDFk1.in
scripts/post_processing/nonlop_dfpt_test/input_template/TEST_CAO-1_STR/inputDFk2.in
scripts/post_processing/nonlop_dfpt_test/input_template/TEST_CAO-1_STR/inputDFk3.in
scripts/post_processing/nonlop_dfpt_test/input_template/TEST_CAO-1_STR/inputDFk4.in
scripts/post_processing/nonlop_dfpt_test/input_template/TEST_CAO-1_STR/inputDFk5.in
scripts/post_processing/nonlop_dfpt_test/input_template/TEST_CAO-1_STR/inputDFk6.in
scripts/post_processing/nonlop_dfpt_test/input_template/TEST_CAO-2_K/data
scripts/post_processing/nonlop_dfpt_test/input_template/TEST_CAO-2_K/inputDFk1.in
scripts/post_processing/nonlop_dfpt_test/input_template/TEST_CAO-2_K/inputDFk2.in
scripts/post_processing/nonlop_dfpt_test/input_template/TEST_CAO-2_K/inputDFk3.in
scripts/post_processing/nonlop_dfpt_test/input_template/TEST_CAO-2_STR/data
scripts/post_processing/nonlop_dfpt_test/input_template/TEST_CAO-2_STR/inputDFk1.in
scripts/post_processing/nonlop_dfpt_test/input_template/TEST_CAO-2_STR/inputDFk2.in
scripts/post_processing/nonlop_dfpt_test/input_template/TEST_CAO-2_STR/inputDFk3.in
scripts/post_processing/nonlop_dfpt_test/input_template/TEST_CAO-2_STR/inputDFk4.in
scripts/post_processing/nonlop_dfpt_test/input_template/TEST_CAO-2_STR/inputDFk5.in
scripts/post_processing/nonlop_dfpt_test/input_template/TEST_CAO-2_STR/inputDFk6.in
scripts/post_processing/nonlop_dfpt_test/input_template/TEST_CAO-3_ATM/data
scripts/post_processing/nonlop_dfpt_test/input_template/TEST_CAO-3_ATM/inputDFk1.in
scripts/post_processing/nonlop_dfpt_test/input_template/TEST_CAO-3_ATM/inputDFk2.in
scripts/post_processing/nonlop_dfpt_test/input_template/TEST_CAO-3_ATM/inputDFk3.in
scripts/post_processing/nonlop_dfpt_test/input_template/TEST_CAO-3_ATM/inputDFk4.in
scripts/post_processing/nonlop_dfpt_test/input_template/TEST_CAO-3_ATM/inputDFk5.in
scripts/post_processing/nonlop_dfpt_test/input_template/TEST_CAO-3_ATM/inputDFk6.in
scripts/post_processing/nonlop_dfpt_test/input_template/TEST_CAO-3_K/data
scripts/post_processing/nonlop_dfpt_test/input_template/TEST_CAO-3_K/inputDFk1.in
scripts/post_processing/nonlop_dfpt_test/input_template/TEST_CAO-3_K/inputDFk2.in
scripts/post_processing/nonlop_dfpt_test/input_template/TEST_CAO-3_K/inputDFk3.in
scripts/post_processing/nonlop_dfpt_test/input_template/TEST_CAO-3_STR/data
scripts/post_processing/nonlop_dfpt_test/input_template/TEST_CAO-3_STR/inputDFk1.in
scripts/post_processing/nonlop_dfpt_test/input_template/TEST_CAO-3_STR/inputDFk2.in
scripts/post_processing/nonlop_dfpt_test/input_template/TEST_CAO-3_STR/inputDFk3.in
scripts/post_processing/nonlop_dfpt_test/input_template/TEST_CAO-3_STR/inputDFk4.in
scripts/post_processing/nonlop_dfpt_test/input_template/TEST_CAO-3_STR/inputDFk5.in
scripts/post_processing/nonlop_dfpt_test/input_template/TEST_CAO-3_STR/inputDFk6.in
scripts/post_processing/nonlop_dfpt_test/input_template/TEST_CAO-4_ATM/data
scripts/post_processing/nonlop_dfpt_test/input_template/TEST_CAO-4_ATM/inputDFk1.in
scripts/post_processing/nonlop_dfpt_test/input_template/TEST_CAO-4_ATM/inputDFk2.in
scripts/post_processing/nonlop_dfpt_test/input_template/TEST_CAO-4_ATM/inputDFk3.in
scripts/post_processing/nonlop_dfpt_test/input_template/TEST_CAO-4_ATM/inputDFk4.in
scripts/post_processing/nonlop_dfpt_test/input_template/TEST_CAO-4_ATM/inputDFk5.in
scripts/post_processing/nonlop_dfpt_test/input_template/TEST_CAO-4_ATM/inputDFk6.in
scripts/post_processing/nonlop_dfpt_test/input_template/TEST_CAO-4_K/data
scripts/post_processing/nonlop_dfpt_test/input_template/TEST_CAO-4_K/inputDFk1.in
scripts/post_processing/nonlop_dfpt_test/input_template/TEST_CAO-4_K/inputDFk2.in
scripts/post_processing/nonlop_dfpt_test/input_template/TEST_CAO-4_K/inputDFk3.in
scripts/post_processing/nonlop_dfpt_test/input_template/TEST_CAO-4_STR/data
scripts/post_processing/nonlop_dfpt_test/input_template/TEST_CAO-4_STR/inputDFk1.in
scripts/post_processing/nonlop_dfpt_test/input_template/TEST_CAO-4_STR/inputDFk2.in
scripts/post_processing/nonlop_dfpt_test/input_template/TEST_CAO-4_STR/inputDFk3.in
scripts/post_processing/nonlop_dfpt_test/input_template/TEST_CAO-4_STR/inputDFk4.in
scripts/post_processing/nonlop_dfpt_test/input_template/TEST_CAO-4_STR/inputDFk5.in
scripts/post_processing/nonlop_dfpt_test/input_template/TEST_CAO-4_STR/inputDFk6.in
scripts/post_processing/nonlop_dfpt_test/input_template/TEST_O2_K/data
scripts/post_processing/nonlop_dfpt_test/input_template/TEST_O2_K/inputDFk1.in
scripts/post_processing/nonlop_dfpt_test/input_template/TEST_O2_K/inputDFk2.in
scripts/post_processing/nonlop_dfpt_test/input_template/TEST_O2_K/inputDFk3.in
scripts/post_processing/nonlop_dfpt_test/pseudo/Ca.LDA_PW-JTH.xml
scripts/post_processing/nonlop_dfpt_test/pseudo/O.LDA_PW-JTH.xml
scripts/post_processing/phondisp2abi.py
scripts/post_processing/plot_bandstructure.py
scripts/post_processing/plot_bs.py
scripts/post_processing/posdopspectra.F90
scripts/post_processing/temperature-dependence/rf_final.py
scripts/post_processing/temperature-dependence/spectral_func.py
scripts/post_processing/temperature-dependence/spectral_func_para.py
scripts/post_processing/temperature-dependence/temperature_final.py
scripts/post_processing/wannier_bandstructure.py
scripts/pre_processing/Cell2Abinit.py
scripts/pre_processing/README
scripts/pre_processing/abchk.pl
scripts/pre_processing/chkinabi.pl
scripts/pre_processing/tokenize_file.py
