src/01_gsl_ext/Makefile.am
src/01_gsl_ext/Makefile.in
src/01_gsl_ext/_01_gsl_ext_
src/01_gsl_ext/abinit.dep
src/01_gsl_ext/abinit.src
src/01_gsl_ext/gsl_f90_sf_bessel_j0.c
src/01_gsl_ext/gsl_f90_sf_bessel_jl.c
src/01_gsl_ext/gsl_f90_sf_gamma.c
src/02_clib/Makefile.am
src/02_clib/Makefile.in
src/02_clib/_02_clib_
src/02_clib/abinit.amf
src/02_clib/abinit.dep
src/02_clib/abinit.src
src/02_clib/align.c
src/02_clib/align.o
src/02_clib/calling_levmar.c
src/02_clib/calling_levmar.o
src/02_clib/cclock.c
src/02_clib/cclock.o
src/02_clib/etime.c
src/02_clib/etime.o
src/02_clib/fsi_posix.c
src/02_clib/fsi_posix.o
src/02_clib/gnu_tools.c
src/02_clib/gnu_tools.o
src/02_clib/intrinsics.c
src/02_clib/intrinsics.o
src/02_clib/lib02_clib.a
src/02_clib/m_clib.F90
src/02_clib/m_clib.o
src/02_clib/mallinfo.c
src/02_clib/mallinfo.o
src/02_clib/md5.c
src/02_clib/md5.h
src/02_clib/md5.o
src/02_clib/progress_bar.c
src/02_clib/progress_bar.o
src/02_clib/xexit.c
src/02_clib/xexit.o
src/02_clib/xmalloc.c
src/02_clib/xmalloc.h
src/02_clib/xmalloc.o
src/10_defs/Makefile.am
src/10_defs/Makefile.in
src/10_defs/README
src/10_defs/_10_defs_
src/10_defs/abinit.dep
src/10_defs/abinit.src
src/10_defs/defs_basis.F90
src/10_defs/defs_basis.o
src/10_defs/defs_datatypes.F90
src/10_defs/defs_datatypes.o
src/10_defs/lib10_defs.a
src/10_dumpinfo/Makefile.am
src/10_dumpinfo/Makefile.in
src/10_dumpinfo/_10_dumpinfo_
src/10_dumpinfo/abinit.amf
src/10_dumpinfo/abinit.dep
src/10_dumpinfo/abinit.dir
src/10_dumpinfo/abinit.src
src/10_dumpinfo/lib10_dumpinfo.a
src/10_dumpinfo/m_build_info.F90.in
src/10_dumpinfo/m_build_info.o
src/10_dumpinfo/m_cppopts_dumper.F90
src/10_dumpinfo/m_cppopts_dumper.o
src/10_dumpinfo/m_optim_dumper.F90
src/10_dumpinfo/m_optim_dumper.o
src/11_memory_mpi/Makefile.am
src/11_memory_mpi/Makefile.in
src/11_memory_mpi/_11_memory_mpi_
src/11_memory_mpi/abinit.dep
src/11_memory_mpi/abinit.dir
src/11_memory_mpi/abinit.src
src/11_memory_mpi/lib11_memory_mpi.a
src/11_memory_mpi/m_profiling_abi.F90
src/11_memory_mpi/m_profiling_abi.o
src/12_hide_mpi/Makefile.am
src/12_hide_mpi/Makefile.in
src/12_hide_mpi/README
src/12_hide_mpi/_12_hide_mpi_
src/12_hide_mpi/abinit.amf
src/12_hide_mpi/abinit.dep
src/12_hide_mpi/abinit.dir
src/12_hide_mpi/abinit.src
src/12_hide_mpi/lib12_hide_mpi.a
src/12_hide_mpi/m_xmpi.F90
src/12_hide_mpi/m_xmpi.o
src/12_hide_mpi/m_xomp.F90
src/12_hide_mpi/m_xomp.o
src/12_hide_mpi/xmpi_allgather.finc
src/12_hide_mpi/xmpi_allgatherv.finc
src/12_hide_mpi/xmpi_alltoall.finc
src/12_hide_mpi/xmpi_alltoallv.finc
src/12_hide_mpi/xmpi_bcast.finc
src/12_hide_mpi/xmpi_exch.finc
src/12_hide_mpi/xmpi_gather.finc
src/12_hide_mpi/xmpi_gatherv.finc
src/12_hide_mpi/xmpi_ialltoall.finc
src/12_hide_mpi/xmpi_ialltoallv.finc
src/12_hide_mpi/xmpi_irecv.finc
src/12_hide_mpi/xmpi_isend.finc
src/12_hide_mpi/xmpi_isum.finc
src/12_hide_mpi/xmpi_land_lor.finc
src/12_hide_mpi/xmpi_max.finc
src/12_hide_mpi/xmpi_min.finc
src/12_hide_mpi/xmpi_recv.finc
src/12_hide_mpi/xmpi_scatterv.finc
src/12_hide_mpi/xmpi_send.finc
src/12_hide_mpi/xmpi_sum.finc
src/12_hide_mpi/xmpi_sum_master.finc
src/14_hidewrite/Makefile.am
src/14_hidewrite/Makefile.in
src/14_hidewrite/_14_hidewrite_
src/14_hidewrite/abinit.dep
src/14_hidewrite/abinit.dir
src/14_hidewrite/abinit.src
src/14_hidewrite/lib14_hidewrite.a
src/14_hidewrite/m_abicore.F90
src/14_hidewrite/m_abicore.o
src/14_hidewrite/m_fstrings.F90
src/14_hidewrite/m_fstrings.o
src/14_hidewrite/m_io_tools.F90
src/14_hidewrite/m_io_tools.o
src/14_hidewrite/m_specialmsg.F90
src/14_hidewrite/m_specialmsg.o
src/15_gpu_toolbox/Makefile.am
src/15_gpu_toolbox/Makefile.in
src/15_gpu_toolbox/_15_gpu_toolbox_
src/15_gpu_toolbox/abinit.amf
src/15_gpu_toolbox/abinit.dep
src/15_gpu_toolbox/abinit.dir
src/15_gpu_toolbox/abinit.src
src/15_gpu_toolbox/dev_spec.cu
src/15_gpu_toolbox/gpu_linalg.cu
src/15_gpu_toolbox/m_gpu_detect.F90
src/15_gpu_toolbox/m_initcuda.F90
src/15_gpu_toolbox/timing_cuda.cu
src/16_hideleave/Makefile.am
src/16_hideleave/Makefile.in
src/16_hideleave/_16_hideleave_
src/16_hideleave/abinit.dep
src/16_hideleave/abinit.dir
src/16_hideleave/abinit.src
src/16_hideleave/lib16_hideleave.a
src/16_hideleave/m_errors.F90
src/16_hideleave/m_errors.o
src/16_hideleave/m_xieee.F90
src/16_hideleave/m_xieee.o
src/17_libtetra_ext/Makefile.am
src/17_libtetra_ext/Makefile.in
src/17_libtetra_ext/_17_libtetra_ext_
src/17_libtetra_ext/abinit.amf
src/17_libtetra_ext/abinit.dep
src/17_libtetra_ext/abinit.dir
src/17_libtetra_ext/abinit.src
src/17_libtetra_ext/lib17_libtetra_ext.a
src/17_libtetra_ext/libtetra.h
src/17_libtetra_ext/libtetrabz.F90
src/17_libtetra_ext/libtetrabz.o
src/17_libtetra_ext/libtetrabz_common.F90
src/17_libtetra_ext/libtetrabz_common.o
src/17_libtetra_ext/libtetrabz_dbldelta_mod.F90
src/17_libtetra_ext/libtetrabz_dbldelta_mod.o
src/17_libtetra_ext/libtetrabz_dblstep_mod.F90
src/17_libtetra_ext/libtetrabz_dblstep_mod.o
src/17_libtetra_ext/libtetrabz_dos_mod.F90
src/17_libtetra_ext/libtetrabz_dos_mod.o
src/17_libtetra_ext/libtetrabz_fermigr_mod.F90
src/17_libtetra_ext/libtetrabz_fermigr_mod.o
src/17_libtetra_ext/libtetrabz_occ_mod.F90
src/17_libtetra_ext/libtetrabz_occ_mod.o
src/17_libtetra_ext/libtetrabz_polcmplx_mod.F90
src/17_libtetra_ext/libtetrabz_polcmplx_mod.o
src/17_libtetra_ext/libtetrabz_polstat_mod.F90
src/17_libtetra_ext/libtetrabz_polstat_mod.o
src/17_libtetra_ext/m_kptrank.F90
src/17_libtetra_ext/m_kptrank.o
src/17_libtetra_ext/m_tetrahedron.F90
src/17_libtetra_ext/m_tetrahedron.o
src/18_timing/Makefile.am
src/18_timing/Makefile.in
src/18_timing/_18_timing_
src/18_timing/abinit.dep
src/18_timing/abinit.dir
src/18_timing/abinit.src
src/18_timing/lib18_timing.a
src/18_timing/m_time.F90
src/18_timing/m_time.o
src/18_timing/m_xpapi.F90
src/18_timing/m_xpapi.o
src/21_hashfuncs/Makefile.am
src/21_hashfuncs/Makefile.in
src/21_hashfuncs/_21_hashfuncs_
src/21_hashfuncs/abinit.dep
src/21_hashfuncs/abinit.dir
src/21_hashfuncs/abinit.src
src/21_hashfuncs/lib21_hashfuncs.a
src/21_hashfuncs/m_hash_md5.F90
src/21_hashfuncs/m_hash_md5.o
src/21_hashfuncs/test_md5_sum_from_file.F90
src/21_hashfuncs/test_md5_sum_from_string.F90
src/27_toolbox_oop/Makefile.am
src/27_toolbox_oop/Makefile.in
src/27_toolbox_oop/_27_toolbox_oop_
src/27_toolbox_oop/abinit.dep
src/27_toolbox_oop/abinit.dir
src/27_toolbox_oop/abinit.src
src/27_toolbox_oop/lib27_toolbox_oop.a
src/27_toolbox_oop/m_copy.F90
src/27_toolbox_oop/m_copy.o
src/27_toolbox_oop/m_iterators.F90
src/27_toolbox_oop/m_iterators.o
src/27_toolbox_oop/m_mpiotk.F90
src/27_toolbox_oop/m_mpiotk.o
src/27_toolbox_oop/m_nctk.F90
src/27_toolbox_oop/m_nctk.o
src/28_numeric_noabirule/Makefile.am
src/28_numeric_noabirule/Makefile.in
src/28_numeric_noabirule/_28_numeric_noabirule_
src/28_numeric_noabirule/abi_gpu_linalg.f90
src/28_numeric_noabirule/abi_xcopy.f90
src/28_numeric_noabirule/abi_xgemm.f90
src/28_numeric_noabirule/abi_xheev.f90
src/28_numeric_noabirule/abi_xhegv.f90
src/28_numeric_noabirule/abi_xhpev.f90
src/28_numeric_noabirule/abi_xhpgv.f90
src/28_numeric_noabirule/abi_xorthonormalize.f90
src/28_numeric_noabirule/abi_xpotrf.f90
src/28_numeric_noabirule/abi_xtrsm.f90
src/28_numeric_noabirule/abinit.amf
src/28_numeric_noabirule/abinit.dep
src/28_numeric_noabirule/abinit.dir
src/28_numeric_noabirule/abinit.src
src/28_numeric_noabirule/farray_ncwrite.finc
src/28_numeric_noabirule/genarray.py
src/28_numeric_noabirule/lib28_numeric_noabirule.a
src/28_numeric_noabirule/m_abi_linalg.F90
src/28_numeric_noabirule/m_abi_linalg.o
src/28_numeric_noabirule/m_array.F90
src/28_numeric_noabirule/m_array.o
src/28_numeric_noabirule/m_bessel.F90
src/28_numeric_noabirule/m_bessel.o
src/28_numeric_noabirule/m_bspline.F90
src/28_numeric_noabirule/m_bspline.o
src/28_numeric_noabirule/m_cplxtools.F90
src/28_numeric_noabirule/m_cplxtools.o
src/28_numeric_noabirule/m_elpa.F90
src/28_numeric_noabirule/m_elpa.o
src/28_numeric_noabirule/m_gaussian_quadrature.F90
src/28_numeric_noabirule/m_gaussian_quadrature.o
src/28_numeric_noabirule/m_hide_blas.F90
src/28_numeric_noabirule/m_hide_blas.o
src/28_numeric_noabirule/m_hide_lapack.F90
src/28_numeric_noabirule/m_hide_lapack.o
src/28_numeric_noabirule/m_lebedev.F90
src/28_numeric_noabirule/m_lebedev.o
src/28_numeric_noabirule/m_levenberg_marquardt.F90
src/28_numeric_noabirule/m_levenberg_marquardt.o
src/28_numeric_noabirule/m_lib_four.F90
src/28_numeric_noabirule/m_lib_four.o
src/28_numeric_noabirule/m_linalg_interfaces.F90
src/28_numeric_noabirule/m_linalg_interfaces.o
src/28_numeric_noabirule/m_numeric_tools.F90
src/28_numeric_noabirule/m_numeric_tools.o
src/28_numeric_noabirule/m_per_cond.F90
src/28_numeric_noabirule/m_per_cond.o
src/28_numeric_noabirule/m_random_zbq.F90
src/28_numeric_noabirule/m_random_zbq.o
src/28_numeric_noabirule/m_slk.F90
src/28_numeric_noabirule/m_slk.o
src/28_numeric_noabirule/m_sort.F90
src/28_numeric_noabirule/m_sort.o
src/28_numeric_noabirule/m_splines.F90
src/28_numeric_noabirule/m_splines.o
src/28_numeric_noabirule/replacements/cdotc.f
src/28_numeric_noabirule/replacements/cdotu.f
src/28_numeric_noabirule/replacements/zdotc.f
src/28_numeric_noabirule/replacements/zdotu.f
src/28_numeric_noabirule/test_spline_integrate.F90
src/29_kpoints/Makefile.am
src/29_kpoints/Makefile.in
src/29_kpoints/_29_kpoints_
src/29_kpoints/abinit.dep
src/29_kpoints/abinit.dir
src/29_kpoints/abinit.src
src/29_kpoints/lib29_kpoints.a
src/29_kpoints/m_symkpt.F90
src/29_kpoints/m_symkpt.o
src/32_util/Makefile.am
src/32_util/Makefile.in
src/32_util/README
src/32_util/_32_util_
src/32_util/abinit.dep
src/32_util/abinit.dir
src/32_util/abinit.src
src/32_util/lib32_util.a
src/32_util/m_atomdata.F90
src/32_util/m_atomdata.o
src/32_util/m_dummy.F90
src/32_util/m_dummy.o
src/32_util/m_exp_mat.F90
src/32_util/m_exp_mat.o
src/32_util/m_integrals.F90
src/32_util/m_integrals.o
src/32_util/m_matrix.F90
src/32_util/m_matrix.o
src/32_util/m_pptools.F90
src/32_util/m_pptools.o
src/32_util/m_special_funcs.F90
src/32_util/m_special_funcs.o
src/32_util/m_symtk.F90
src/32_util/m_symtk.o
src/32_util/test_radsintr.F90
src/41_geometry/Makefile.am
src/41_geometry/Makefile.in
src/41_geometry/README
src/41_geometry/_41_geometry_
src/41_geometry/ab7_symmetry.fortran.h
src/41_geometry/abinit.amf
src/41_geometry/abinit.dep
src/41_geometry/abinit.dir
src/41_geometry/abinit.src
src/41_geometry/lib41_geometry.a
src/41_geometry/m_ab7_symmetry.F90
src/41_geometry/m_ab7_symmetry.o
src/41_geometry/m_crystal.F90
src/41_geometry/m_crystal.o
src/41_geometry/m_ewald.F90
src/41_geometry/m_ewald.o
src/41_geometry/m_geometry.F90
src/41_geometry/m_geometry.o
src/41_geometry/m_spgbuilder.F90
src/41_geometry/m_spgbuilder.o
src/41_geometry/m_spgdata.F90
src/41_geometry/m_spgdata.o
src/41_geometry/m_supercell.F90
src/41_geometry/m_supercell.o
src/41_geometry/m_symfind.F90
src/41_geometry/m_symfind.o
src/41_geometry/m_symlist.F90
src/41_geometry/m_symlist.o
src/41_geometry/m_symsg.F90
src/41_geometry/m_symsg.o
src/41_xc_lowlevel/Makefile.am
src/41_xc_lowlevel/Makefile.in
src/41_xc_lowlevel/README
src/41_xc_lowlevel/_41_xc_lowlevel_
src/41_xc_lowlevel/abinit.dep
src/41_xc_lowlevel/abinit.dir
src/41_xc_lowlevel/abinit.src
src/41_xc_lowlevel/lib41_xc_lowlevel.a
src/41_xc_lowlevel/libxc_tools.c
src/41_xc_lowlevel/libxc_tools.o
src/41_xc_lowlevel/m_drivexc.F90
src/41_xc_lowlevel/m_drivexc.o
src/41_xc_lowlevel/m_libxc_functionals.F90
src/41_xc_lowlevel/m_libxc_functionals.o
src/41_xc_lowlevel/m_xc_noncoll.F90
src/41_xc_lowlevel/m_xc_noncoll.o
src/41_xc_lowlevel/m_xchcth.F90
src/41_xc_lowlevel/m_xchcth.o
src/41_xc_lowlevel/m_xciit.F90
src/41_xc_lowlevel/m_xciit.o
src/41_xc_lowlevel/m_xclda.F90
src/41_xc_lowlevel/m_xclda.o
src/41_xc_lowlevel/m_xcpbe.F90
src/41_xc_lowlevel/m_xcpbe.o
src/41_xc_lowlevel/m_xcpositron.F90
src/41_xc_lowlevel/m_xcpositron.o
src/42_libpaw/Makefile.am
src/42_libpaw/Makefile.in
src/42_libpaw/_42_libpaw_
src/42_libpaw/abinit.amf
src/42_libpaw/abinit.dep
src/42_libpaw/abinit.dir
src/42_libpaw/abinit.src
src/42_libpaw/lib42_libpaw.a
src/42_libpaw/libpaw-coding-rules.txt
src/42_libpaw/libpaw.h
src/42_libpaw/libpaw_libxc.c
src/42_libpaw/libpaw_libxc.o
src/42_libpaw/m_libpaw_defs.F90
src/42_libpaw/m_libpaw_libxc.F90
src/42_libpaw/m_libpaw_libxc.o
src/42_libpaw/m_libpaw_mpi.F90
src/42_libpaw/m_libpaw_mpi.o
src/42_libpaw/m_libpaw_tools.F90
src/42_libpaw/m_libpaw_tools.o
src/42_libpaw/m_paral_atom.F90
src/42_libpaw/m_paral_atom.o
src/42_libpaw/m_paw_an.F90
src/42_libpaw/m_paw_an.o
src/42_libpaw/m_paw_atom.F90
src/42_libpaw/m_paw_atom.o
src/42_libpaw/m_paw_finegrid.F90
src/42_libpaw/m_paw_finegrid.o
src/42_libpaw/m_paw_gaussfit.F90
src/42_libpaw/m_paw_gaussfit.o
src/42_libpaw/m_paw_ij.F90
src/42_libpaw/m_paw_ij.o
src/42_libpaw/m_paw_io.F90
src/42_libpaw/m_paw_io.o
src/42_libpaw/m_paw_numeric.F90
src/42_libpaw/m_paw_numeric.o
src/42_libpaw/m_paw_onsite.F90
src/42_libpaw/m_paw_onsite.o
src/42_libpaw/m_paw_sphharm.F90
src/42_libpaw/m_paw_sphharm.o
src/42_libpaw/m_pawang.F90
src/42_libpaw/m_pawang.o
src/42_libpaw/m_pawcprj.F90
src/42_libpaw/m_pawcprj.o
src/42_libpaw/m_pawdij.F90
src/42_libpaw/m_pawdij.o
src/42_libpaw/m_pawfgrtab.F90
src/42_libpaw/m_pawfgrtab.o
src/42_libpaw/m_pawpsp.F90
src/42_libpaw/m_pawpsp.o
src/42_libpaw/m_pawrad.F90
src/42_libpaw/m_pawrad.o
src/42_libpaw/m_pawrhoij.F90
src/42_libpaw/m_pawrhoij.o
src/42_libpaw/m_pawtab.F90
src/42_libpaw/m_pawtab.o
src/42_libpaw/m_pawxc.F90
src/42_libpaw/m_pawxc.o
src/42_libpaw/m_pawxmlps.F90
src/42_libpaw/m_pawxmlps.o
src/42_nlstrain/Makefile.am
src/42_nlstrain/Makefile.in
src/42_nlstrain/_42_nlstrain_
src/42_nlstrain/abinit.dep
src/42_nlstrain/abinit.dir
src/42_nlstrain/abinit.src
src/42_nlstrain/lib42_nlstrain.a
src/42_nlstrain/m_contistr01.F90
src/42_nlstrain/m_contistr01.o
src/42_nlstrain/m_contistr03.F90
src/42_nlstrain/m_contistr03.o
src/42_nlstrain/m_contistr12.F90
src/42_nlstrain/m_contistr12.o
src/42_nlstrain/m_contstr21.F90
src/42_nlstrain/m_contstr21.o
src/42_nlstrain/m_contstr23.F90
src/42_nlstrain/m_contstr23.o
src/42_nlstrain/m_contstr25.F90
src/42_nlstrain/m_contstr25.o
src/42_nlstrain/m_contstr25a.F90
src/42_nlstrain/m_contstr25a.o
src/42_nlstrain/m_contstr26.F90
src/42_nlstrain/m_contstr26.o
src/42_parser/Makefile.am
src/42_parser/Makefile.in
src/42_parser/README
src/42_parser/_42_parser_
src/42_parser/abinit.dep
src/42_parser/abinit.dir
src/42_parser/abinit.src
src/42_parser/lib42_parser.a
src/42_parser/m_parser.F90
src/42_parser/m_parser.o
src/43_ptgroups/Makefile.am
src/43_ptgroups/Makefile.in
src/43_ptgroups/_43_ptgroups_
src/43_ptgroups/abinit.amf
src/43_ptgroups/abinit.dep
src/43_ptgroups/abinit.dir
src/43_ptgroups/abinit.src
src/43_ptgroups/lib43_ptgroups.a
src/43_ptgroups/m_defs_ptgroups.F90
src/43_ptgroups/m_defs_ptgroups.o
src/43_ptgroups/m_ptg_C1.F90
src/43_ptgroups/m_ptg_C1.o
src/43_ptgroups/m_ptg_C2.F90
src/43_ptgroups/m_ptg_C2.o
src/43_ptgroups/m_ptg_C2h.F90
src/43_ptgroups/m_ptg_C2h.o
src/43_ptgroups/m_ptg_C2v.F90
src/43_ptgroups/m_ptg_C2v.o
src/43_ptgroups/m_ptg_C3.F90
src/43_ptgroups/m_ptg_C3.o
src/43_ptgroups/m_ptg_C3h.F90
src/43_ptgroups/m_ptg_C3h.o
src/43_ptgroups/m_ptg_C3i.F90
src/43_ptgroups/m_ptg_C3i.o
src/43_ptgroups/m_ptg_C3v.F90
src/43_ptgroups/m_ptg_C3v.o
src/43_ptgroups/m_ptg_C4.F90
src/43_ptgroups/m_ptg_C4.o
src/43_ptgroups/m_ptg_C4h.F90
src/43_ptgroups/m_ptg_C4h.o
src/43_ptgroups/m_ptg_C4v.F90
src/43_ptgroups/m_ptg_C4v.o
src/43_ptgroups/m_ptg_C6.F90
src/43_ptgroups/m_ptg_C6.o
src/43_ptgroups/m_ptg_C6h.F90
src/43_ptgroups/m_ptg_C6h.o
src/43_ptgroups/m_ptg_C6v.F90
src/43_ptgroups/m_ptg_C6v.o
src/43_ptgroups/m_ptg_Ci.F90
src/43_ptgroups/m_ptg_Ci.o
src/43_ptgroups/m_ptg_Cs.F90
src/43_ptgroups/m_ptg_Cs.o
src/43_ptgroups/m_ptg_D2.F90
src/43_ptgroups/m_ptg_D2.o
src/43_ptgroups/m_ptg_D2d.F90
src/43_ptgroups/m_ptg_D2d.o
src/43_ptgroups/m_ptg_D2h.F90
src/43_ptgroups/m_ptg_D2h.o
src/43_ptgroups/m_ptg_D3.F90
src/43_ptgroups/m_ptg_D3.o
src/43_ptgroups/m_ptg_D3d.F90
src/43_ptgroups/m_ptg_D3d.o
src/43_ptgroups/m_ptg_D3h.F90
src/43_ptgroups/m_ptg_D3h.o
src/43_ptgroups/m_ptg_D4.F90
src/43_ptgroups/m_ptg_D4.o
src/43_ptgroups/m_ptg_D4h.F90
src/43_ptgroups/m_ptg_D4h.o
src/43_ptgroups/m_ptg_D6.F90
src/43_ptgroups/m_ptg_D6.o
src/43_ptgroups/m_ptg_D6h.F90
src/43_ptgroups/m_ptg_D6h.o
src/43_ptgroups/m_ptg_O.F90
src/43_ptgroups/m_ptg_O.o
src/43_ptgroups/m_ptg_Oh.F90
src/43_ptgroups/m_ptg_Oh.o
src/43_ptgroups/m_ptg_S4.F90
src/43_ptgroups/m_ptg_S4.o
src/43_ptgroups/m_ptg_T.F90
src/43_ptgroups/m_ptg_T.o
src/43_ptgroups/m_ptg_Td.F90
src/43_ptgroups/m_ptg_Td.o
src/43_ptgroups/m_ptg_Th.F90
src/43_ptgroups/m_ptg_Th.o
src/43_ptgroups/m_ptgroups.F90
src/43_ptgroups/m_ptgroups.o
src/43_ptgroups/ptg.py
src/43_ptgroups/ptgroup_data/ptg_C1.txt
src/43_ptgroups/ptgroup_data/ptg_C2.txt
src/43_ptgroups/ptgroup_data/ptg_C2h.txt
src/43_ptgroups/ptgroup_data/ptg_C2v.txt
src/43_ptgroups/ptgroup_data/ptg_C3.txt
src/43_ptgroups/ptgroup_data/ptg_C3h.txt
src/43_ptgroups/ptgroup_data/ptg_C3i.txt
src/43_ptgroups/ptgroup_data/ptg_C3v.txt
src/43_ptgroups/ptgroup_data/ptg_C4.txt
src/43_ptgroups/ptgroup_data/ptg_C4h.txt
src/43_ptgroups/ptgroup_data/ptg_C4v.txt
src/43_ptgroups/ptgroup_data/ptg_C6.txt
src/43_ptgroups/ptgroup_data/ptg_C6h.txt
src/43_ptgroups/ptgroup_data/ptg_C6v.txt
src/43_ptgroups/ptgroup_data/ptg_Ci.txt
src/43_ptgroups/ptgroup_data/ptg_Cs.txt
src/43_ptgroups/ptgroup_data/ptg_D2.txt
src/43_ptgroups/ptgroup_data/ptg_D2d.txt
src/43_ptgroups/ptgroup_data/ptg_D2h.txt
src/43_ptgroups/ptgroup_data/ptg_D3.txt
src/43_ptgroups/ptgroup_data/ptg_D3d.txt
src/43_ptgroups/ptgroup_data/ptg_D3h.txt
src/43_ptgroups/ptgroup_data/ptg_D4.txt
src/43_ptgroups/ptgroup_data/ptg_D4h.txt
src/43_ptgroups/ptgroup_data/ptg_D6.txt
src/43_ptgroups/ptgroup_data/ptg_D6h.txt
src/43_ptgroups/ptgroup_data/ptg_O.txt
src/43_ptgroups/ptgroup_data/ptg_Oh.txt
src/43_ptgroups/ptgroup_data/ptg_S4.txt
src/43_ptgroups/ptgroup_data/ptg_T.txt
src/43_ptgroups/ptgroup_data/ptg_Td.txt
src/43_ptgroups/ptgroup_data/ptg_Th.txt
src/43_wvl_wrappers/Makefile.am
src/43_wvl_wrappers/Makefile.in
src/43_wvl_wrappers/_43_wvl_wrappers_
src/43_wvl_wrappers/abinit.dep
src/43_wvl_wrappers/abinit.dir
src/43_wvl_wrappers/abinit.src
src/43_wvl_wrappers/defs_PSolver.F90
src/43_wvl_wrappers/defs_PSolver.o
src/43_wvl_wrappers/defs_wvltypes.F90
src/43_wvl_wrappers/defs_wvltypes.o
src/43_wvl_wrappers/lib43_wvl_wrappers.a
src/43_wvl_wrappers/m_abi2big.F90
src/43_wvl_wrappers/m_abi2big.o
src/43_wvl_wrappers/m_paw2wvl.F90
src/43_wvl_wrappers/m_paw2wvl.o
src/43_wvl_wrappers/m_wvl_denspot.F90
src/43_wvl_wrappers/m_wvl_denspot.o
src/43_wvl_wrappers/m_wvl_descr_psp.F90
src/43_wvl_wrappers/m_wvl_descr_psp.o
src/43_wvl_wrappers/m_wvl_projectors.F90
src/43_wvl_wrappers/m_wvl_projectors.o
src/43_wvl_wrappers/m_wvl_wfs.F90
src/43_wvl_wrappers/m_wvl_wfs.o
src/44_abitools/Makefile.am
src/44_abitools/Makefile.in
src/44_abitools/_44_abitools_
src/44_abitools/abinit.dep
src/44_abitools/abinit.dir
src/44_abitools/abinit.src
src/44_abitools/lib44_abitools.a
src/44_abitools/m_berrytk.F90
src/44_abitools/m_berrytk.o
src/44_abitools/m_cgtools.F90
src/44_abitools/m_cgtools.o
src/44_abitools/m_dynmat.F90
src/44_abitools/m_dynmat.o
src/44_abitools/m_macroave.F90
src/44_abitools/m_macroave.o
src/44_abitools/m_optic_tools.F90
src/44_abitools/m_optic_tools.o
src/44_abitools/m_wfutils.F90
src/44_abitools/m_wfutils.o
src/44_abitypes_defs/Makefile.am
src/44_abitypes_defs/Makefile.in
src/44_abitypes_defs/_44_abitypes_defs_
src/44_abitypes_defs/abinit.dep
src/44_abitypes_defs/abinit.dir
src/44_abitypes_defs/abinit.src
src/44_abitypes_defs/defs_abitypes.F90
src/44_abitypes_defs/defs_abitypes.o
src/44_abitypes_defs/lib44_abitypes_defs.a
src/44_abitypes_defs/m_args_gs.F90
src/44_abitypes_defs/m_args_gs.o
src/44_abitypes_defs/m_distribfft.F90
src/44_abitypes_defs/m_distribfft.o
src/44_abitypes_defs/m_dtset.F90
src/44_abitypes_defs/m_dtset.o
src/44_abitypes_defs/m_efield.F90
src/44_abitypes_defs/m_efield.o
src/44_abitypes_defs/m_efmas_defs.F90
src/44_abitypes_defs/m_efmas_defs.o
src/44_abitypes_defs/m_energies.F90
src/44_abitypes_defs/m_energies.o
src/44_abitypes_defs/m_results_gs.F90
src/44_abitypes_defs/m_results_gs.o
src/44_abitypes_defs/m_results_img.F90
src/44_abitypes_defs/m_results_img.o
src/44_abitypes_defs/m_results_respfn.F90
src/44_abitypes_defs/m_results_respfn.o
src/45_geomoptim/Makefile.am
src/45_geomoptim/Makefile.in
src/45_geomoptim/README
src/45_geomoptim/_45_geomoptim_
src/45_geomoptim/abinit.dep
src/45_geomoptim/abinit.dir
src/45_geomoptim/abinit.src
src/45_geomoptim/lib45_geomoptim.a
src/45_geomoptim/m_abihist.F90
src/45_geomoptim/m_abihist.o
src/45_geomoptim/m_abiimages.F90
src/45_geomoptim/m_abiimages.o
src/45_geomoptim/m_abimover.F90
src/45_geomoptim/m_abimover.o
src/45_geomoptim/m_bfgs.F90
src/45_geomoptim/m_bfgs.o
src/45_geomoptim/m_ga.F90
src/45_geomoptim/m_ga.o
src/45_geomoptim/m_hmc.F90
src/45_geomoptim/m_hmc.o
src/45_geomoptim/m_lbfgs.F90
src/45_geomoptim/m_lbfgs.o
src/45_geomoptim/m_m1geo.F90
src/45_geomoptim/m_m1geo.o
src/45_geomoptim/m_mep.F90
src/45_geomoptim/m_mep.o
src/45_geomoptim/m_pimd.F90
src/45_geomoptim/m_pimd.o
src/45_geomoptim/m_pimd_langevin.F90
src/45_geomoptim/m_pimd_langevin.o
src/45_geomoptim/m_pimd_nosehoover.F90
src/45_geomoptim/m_pimd_nosehoover.o
src/45_geomoptim/m_pred_bfgs.F90
src/45_geomoptim/m_pred_bfgs.o
src/45_geomoptim/m_pred_delocint.F90
src/45_geomoptim/m_pred_delocint.o
src/45_geomoptim/m_pred_diisrelax.F90
src/45_geomoptim/m_pred_diisrelax.o
src/45_geomoptim/m_pred_fire.F90
src/45_geomoptim/m_pred_fire.o
src/45_geomoptim/m_pred_hmc.F90
src/45_geomoptim/m_pred_hmc.o
src/45_geomoptim/m_pred_isokinetic.F90
src/45_geomoptim/m_pred_isokinetic.o
src/45_geomoptim/m_pred_isothermal.F90
src/45_geomoptim/m_pred_isothermal.o
src/45_geomoptim/m_pred_langevin.F90
src/45_geomoptim/m_pred_langevin.o
src/45_geomoptim/m_pred_moldyn.F90
src/45_geomoptim/m_pred_moldyn.o
src/45_geomoptim/m_pred_nose.F90
src/45_geomoptim/m_pred_nose.o
src/45_geomoptim/m_pred_simple.F90
src/45_geomoptim/m_pred_simple.o
src/45_geomoptim/m_pred_srkna14.F90
src/45_geomoptim/m_pred_srkna14.o
src/45_geomoptim/m_pred_steepdesc.F90
src/45_geomoptim/m_pred_steepdesc.o
src/45_geomoptim/m_pred_velverlet.F90
src/45_geomoptim/m_pred_velverlet.o
src/45_geomoptim/m_pred_verlet.F90
src/45_geomoptim/m_pred_verlet.o
src/45_geomoptim/m_predict_neb.F90
src/45_geomoptim/m_predict_neb.o
src/45_geomoptim/m_predict_pimd.F90
src/45_geomoptim/m_predict_pimd.o
src/45_geomoptim/m_predict_steepest.F90
src/45_geomoptim/m_predict_steepest.o
src/45_geomoptim/m_predict_string.F90
src/45_geomoptim/m_predict_string.o
src/45_geomoptim/m_predtk.F90
src/45_geomoptim/m_predtk.o
src/45_geomoptim/m_use_ga.F90
src/45_geomoptim/m_use_ga.o
src/45_geomoptim/m_xfpack.F90
src/45_geomoptim/m_xfpack.o
src/45_xgTools/Makefile.am
src/45_xgTools/Makefile.in
src/45_xgTools/_45_xgTools_
src/45_xgTools/abinit.dep
src/45_xgTools/abinit.dir
src/45_xgTools/abinit.src
src/45_xgTools/lib45_xgTools.a
src/45_xgTools/m_xg.F90
src/45_xgTools/m_xg.o
src/45_xgTools/m_xgScalapack.F90
src/45_xgTools/m_xgScalapack.o
src/46_diago/Makefile.am
src/46_diago/Makefile.in
src/46_diago/_46_diago_
src/46_diago/abinit.dep
src/46_diago/abinit.dir
src/46_diago/abinit.src
src/46_diago/lib46_diago.a
src/46_diago/m_lobpcg2.F90
src/46_diago/m_lobpcg2.o
src/49_gw_toolbox_oop/Makefile.am
src/49_gw_toolbox_oop/Makefile.in
src/49_gw_toolbox_oop/_49_gw_toolbox_oop_
src/49_gw_toolbox_oop/abinit.dep
src/49_gw_toolbox_oop/abinit.dir
src/49_gw_toolbox_oop/abinit.src
src/49_gw_toolbox_oop/lib49_gw_toolbox_oop.a
src/49_gw_toolbox_oop/m_bs_defs.F90
src/49_gw_toolbox_oop/m_bs_defs.o
src/49_gw_toolbox_oop/m_gwdefs.F90
src/49_gw_toolbox_oop/m_gwdefs.o
src/49_gw_toolbox_oop/m_melemts.F90
src/49_gw_toolbox_oop/m_melemts.o
src/49_gw_toolbox_oop/m_spectra.F90
src/49_gw_toolbox_oop/m_spectra.o
src/51_manage_mpi/Makefile.am
src/51_manage_mpi/Makefile.in
src/51_manage_mpi/_51_manage_mpi_
src/51_manage_mpi/abinit.dep
src/51_manage_mpi/abinit.dir
src/51_manage_mpi/abinit.src
src/51_manage_mpi/lib51_manage_mpi.a
src/51_manage_mpi/m_io_redirect.F90
src/51_manage_mpi/m_io_redirect.o
src/51_manage_mpi/m_mpinfo.F90
src/51_manage_mpi/m_mpinfo.o
src/51_manage_mpi/m_wffile.F90
src/51_manage_mpi/m_wffile.o
src/51_manage_mpi/m_xredistribute.F90
src/51_manage_mpi/m_xredistribute.o
src/52_fft_mpi_noabirule/Makefile.am
src/52_fft_mpi_noabirule/Makefile.in
src/52_fft_mpi_noabirule/README
src/52_fft_mpi_noabirule/_52_fft_mpi_noabirule_
src/52_fft_mpi_noabirule/abinit.amf
src/52_fft_mpi_noabirule/abinit.dep
src/52_fft_mpi_noabirule/abinit.dir
src/52_fft_mpi_noabirule/abinit.src
src/52_fft_mpi_noabirule/defs_fftdata.F90
src/52_fft_mpi_noabirule/defs_fftdata.o
src/52_fft_mpi_noabirule/dfti_c2c_ip.finc
src/52_fft_mpi_noabirule/dfti_c2c_op.finc
src/52_fft_mpi_noabirule/dfti_fftpad.finc
src/52_fft_mpi_noabirule/dfti_fftrisc.finc
src/52_fft_mpi_noabirule/fftug.finc
src/52_fft_mpi_noabirule/fftur.finc
src/52_fft_mpi_noabirule/fftw3_c2c_ip.finc
src/52_fft_mpi_noabirule/fftw3_c2c_op.finc
src/52_fft_mpi_noabirule/fftw3_fftpad.finc
src/52_fft_mpi_noabirule/fftw3_fftrisc.finc
src/52_fft_mpi_noabirule/lib52_fft_mpi_noabirule.a
src/52_fft_mpi_noabirule/m_dfti.F90
src/52_fft_mpi_noabirule/m_dfti.o
src/52_fft_mpi_noabirule/m_fft_mesh.F90
src/52_fft_mpi_noabirule/m_fft_mesh.o
src/52_fft_mpi_noabirule/m_fftcore.F90
src/52_fft_mpi_noabirule/m_fftcore.o
src/52_fft_mpi_noabirule/m_fftw3.F90
src/52_fft_mpi_noabirule/m_fftw3.o
src/52_fft_mpi_noabirule/m_sg2002.F90
src/52_fft_mpi_noabirule/m_sg2002.o
src/52_fft_mpi_noabirule/m_sgfft.F90
src/52_fft_mpi_noabirule/m_sgfft.o
src/52_fft_mpi_noabirule/utests_fftu.finc
src/52_manage_cuda/Makefile.am
src/52_manage_cuda/Makefile.in
src/52_manage_cuda/_52_manage_cuda_
src/52_manage_cuda/abinit.amf
src/52_manage_cuda/abinit.dep
src/52_manage_cuda/abinit.dir
src/52_manage_cuda/abinit.src
src/52_manage_cuda/cuda_rec.cu
src/52_manage_cuda/cuda_rec_cut.cu
src/52_manage_cuda/density.cu
src/52_manage_cuda/gpu_apply_local_potential.cu
src/52_manage_cuda/gpu_compute_nl_hamiltonian.cu
src/52_manage_cuda/gpu_compute_nl_projections.cu
src/52_manage_cuda/gpu_density_accumulation.cu
src/52_manage_cuda/gpu_fourwf.cu
src/52_manage_cuda/gpu_mkkpg.cu
src/52_manage_cuda/gpu_nonlop.cu
src/52_manage_cuda/gpu_sphere.cu
src/52_manage_cuda/m_alloc_hamilt_gpu.F90
src/52_manage_cuda/prt_utils_rec.cu
src/52_manage_cuda/rec_dens_calc.cu
src/52_manage_cuda/rec_kernels.cu
src/52_manage_cuda/recursion_bth.cu
src/52_manage_cuda/recursion_cut_bth.cu
src/52_manage_cuda/recursion_cut_no_bth.cu
src/52_manage_cuda/recursion_no_bth.cu
src/53_ffts/Makefile.am
src/53_ffts/Makefile.in
src/53_ffts/README
src/53_ffts/_53_ffts_
src/53_ffts/abinit.amf
src/53_ffts/abinit.dep
src/53_ffts/abinit.dir
src/53_ffts/abinit.src
src/53_ffts/fftbox_ip_driver.finc
src/53_ffts/fftbox_op_driver.finc
src/53_ffts/fftug_driver.finc
src/53_ffts/fftur_driver.finc
src/53_ffts/lib53_ffts.a
src/53_ffts/m_fft.F90
src/53_ffts/m_fft.o
src/54_spacepar/Makefile.am
src/54_spacepar/Makefile.in
src/54_spacepar/README
src/54_spacepar/_54_spacepar_
src/54_spacepar/abinit.dep
src/54_spacepar/abinit.dir
src/54_spacepar/abinit.src
src/54_spacepar/lib54_spacepar.a
src/54_spacepar/m_multipoles.F90
src/54_spacepar/m_multipoles.o
src/54_spacepar/m_spacepar.F90
src/54_spacepar/m_spacepar.o
src/55_abiutil/Makefile.am
src/55_abiutil/Makefile.in
src/55_abiutil/README
src/55_abiutil/_55_abiutil_
src/55_abiutil/abinit.dep
src/55_abiutil/abinit.dir
src/55_abiutil/abinit.src
src/55_abiutil/lib55_abiutil.a
src/55_abiutil/m_builtin_tests.F90
src/55_abiutil/m_builtin_tests.o
src/55_abiutil/m_dens.F90
src/55_abiutil/m_dens.o
src/55_abiutil/m_dtfil.F90
src/55_abiutil/m_dtfil.o
src/55_abiutil/m_results_out.F90
src/55_abiutil/m_results_out.o
src/55_abiutil/m_scf_history.F90
src/55_abiutil/m_scf_history.o
src/55_abiutil/m_timana.F90
src/55_abiutil/m_timana.o
src/56_io_mpi/Makefile.am
src/56_io_mpi/Makefile.in
src/56_io_mpi/_56_io_mpi_
src/56_io_mpi/abinit.dep
src/56_io_mpi/abinit.dir
src/56_io_mpi/abinit.src
src/56_io_mpi/lib56_io_mpi.a
src/56_io_mpi/m_abi_etsf.F90
src/56_io_mpi/m_abi_etsf.o
src/56_io_mpi/m_exit.F90
src/56_io_mpi/m_exit.o
src/56_io_mpi/m_hdr.F90
src/56_io_mpi/m_hdr.o
src/56_io_mpi/m_rwwf.F90
src/56_io_mpi/m_rwwf.o
src/56_mixing/Makefile.am
src/56_mixing/Makefile.in
src/56_mixing/_56_mixing_
src/56_mixing/abinit.dep
src/56_mixing/abinit.dir
src/56_mixing/abinit.src
src/56_mixing/lib56_mixing.a
src/56_mixing/m_ab7_mixing.F90
src/56_mixing/m_ab7_mixing.o
src/56_recipspace/Makefile.am
src/56_recipspace/Makefile.in
src/56_recipspace/README
src/56_recipspace/_56_recipspace_
src/56_recipspace/ab7_kpoints.fortran.h
src/56_recipspace/abinit.amf
src/56_recipspace/abinit.dep
src/56_recipspace/abinit.dir
src/56_recipspace/abinit.src
src/56_recipspace/lib56_recipspace.a
src/56_recipspace/m_ab7_kpoints.F90
src/56_recipspace/m_ab7_kpoints.o
src/56_recipspace/m_bz_mesh.F90
src/56_recipspace/m_bz_mesh.o
src/56_recipspace/m_double_grid.F90
src/56_recipspace/m_double_grid.o
src/56_recipspace/m_getshell.F90
src/56_recipspace/m_getshell.o
src/56_recipspace/m_gsphere.F90
src/56_recipspace/m_gsphere.o
src/56_recipspace/m_initylmg.F90
src/56_recipspace/m_initylmg.o
src/56_recipspace/m_kg.F90
src/56_recipspace/m_kg.o
src/56_recipspace/m_kpts.F90
src/56_recipspace/m_kpts.o
src/56_recipspace/m_lgroup.F90
src/56_recipspace/m_lgroup.o
src/56_recipspace/m_nesting.F90
src/56_recipspace/m_nesting.o
src/56_recipspace/m_skw.F90
src/56_recipspace/m_skw.o
src/56_xc/Makefile.am
src/56_xc/Makefile.in
src/56_xc/README
src/56_xc/_56_xc_
src/56_xc/abinit.dep
src/56_xc/abinit.dir
src/56_xc/abinit.src
src/56_xc/lib56_xc.a
src/56_xc/m_dfpt_mkvxc.F90
src/56_xc/m_dfpt_mkvxc.o
src/56_xc/m_electronpositron.F90
src/56_xc/m_electronpositron.o
src/56_xc/m_gammapositron.F90
src/56_xc/m_gammapositron.o
src/56_xc/m_kxc.F90
src/56_xc/m_kxc.o
src/56_xc/m_mkcore.F90
src/56_xc/m_mkcore.o
src/56_xc/m_rhotoxc.F90
src/56_xc/m_rhotoxc.o
src/56_xc/m_xc_vdw.F90
src/56_xc/m_xc_vdw.o
src/56_xc/m_xcdata.F90
src/56_xc/m_xcdata.o
src/56_xc/m_xchybrid.F90
src/56_xc/m_xchybrid.o
src/56_xc/m_xctk.F90
src/56_xc/m_xctk.o
src/57_iopsp_parser/Makefile.am
src/57_iopsp_parser/Makefile.in
src/57_iopsp_parser/_57_iopsp_parser_
src/57_iopsp_parser/abinit.dep
src/57_iopsp_parser/abinit.dir
src/57_iopsp_parser/abinit.src
src/57_iopsp_parser/flib_pwscf.F90
src/57_iopsp_parser/flib_pwscf.o
src/57_iopsp_parser/functionals_pwscf.F90
src/57_iopsp_parser/functionals_pwscf.o
src/57_iopsp_parser/lib57_iopsp_parser.a
src/57_iopsp_parser/m_pseudo_pwscf.F90
src/57_iopsp_parser/m_pseudo_pwscf.o
src/57_iopsp_parser/m_pspheads.F90
src/57_iopsp_parser/m_pspheads.o
src/57_iopsp_parser/m_psxml2ab.F90
src/57_iopsp_parser/m_psxml2ab.o
src/57_iopsp_parser/m_read_upf_pwscf.F90
src/57_iopsp_parser/m_read_upf_pwscf.o
src/57_iovars/Makefile.am
src/57_iovars/Makefile.in
src/57_iovars/README
src/57_iovars/_57_iovars_
src/57_iovars/ab7_invars_f90_get.f90
src/57_iovars/abinit.amf
src/57_iovars/abinit.dep
src/57_iovars/abinit.dir
src/57_iovars/abinit.src
src/57_iovars/lib57_iovars.a
src/57_iovars/m_ab7_invars_f90.F90
src/57_iovars/m_ab7_invars_f90.o
src/57_iovars/m_chkinp.F90
src/57_iovars/m_chkinp.o
src/57_iovars/m_ingeo.F90
src/57_iovars/m_ingeo.o
src/57_iovars/m_inkpts.F90
src/57_iovars/m_inkpts.o
src/57_iovars/m_intagm_img.F90
src/57_iovars/m_intagm_img.o
src/57_iovars/m_invars1.F90
src/57_iovars/m_invars1.o
src/57_iovars/m_invars2.F90
src/57_iovars/m_invars2.o
src/57_iovars/m_memeval.F90
src/57_iovars/m_memeval.o
src/57_iovars/m_mpi_setup.F90
src/57_iovars/m_mpi_setup.o
src/57_iovars/m_out_acknowl.F90
src/57_iovars/m_out_acknowl.o
src/57_iovars/m_outvar_a_h.F90
src/57_iovars/m_outvar_a_h.o
src/57_iovars/m_outvar_i_n.F90
src/57_iovars/m_outvar_i_n.o
src/57_iovars/m_outvar_o_z.F90
src/57_iovars/m_outvar_o_z.o
src/57_iovars/m_outvars.F90
src/57_iovars/m_outvars.o
src/57_iovars/m_outxml.F90
src/57_iovars/m_outxml.o
src/59_ionetcdf/Makefile.am
src/59_ionetcdf/Makefile.in
src/59_ionetcdf/README
src/59_ionetcdf/_59_ionetcdf_
src/59_ionetcdf/abinit.dep
src/59_ionetcdf/abinit.dir
src/59_ionetcdf/abinit.src
src/59_ionetcdf/lib59_ionetcdf.a
src/59_ionetcdf/m_crystal_io.F90
src/59_ionetcdf/m_crystal_io.o
src/61_occeig/Makefile.am
src/61_occeig/Makefile.in
src/61_occeig/README
src/61_occeig/_61_occeig_
src/61_occeig/abinit.dep
src/61_occeig/abinit.dir
src/61_occeig/abinit.src
src/61_occeig/lib61_occeig.a
src/61_occeig/m_ebands.F90
src/61_occeig/m_ebands.o
src/61_occeig/m_fstab.F90
src/61_occeig/m_fstab.o
src/61_occeig/m_occ.F90
src/61_occeig/m_occ.o
src/62_cg_noabirule/Makefile.am
src/62_cg_noabirule/Makefile.in
src/62_cg_noabirule/_62_cg_noabirule_
src/62_cg_noabirule/abinit.dep
src/62_cg_noabirule/abinit.dir
src/62_cg_noabirule/abinit.src
src/62_cg_noabirule/lib62_cg_noabirule.a
src/62_cg_noabirule/m_cgtk.F90
src/62_cg_noabirule/m_cgtk.o
src/62_cg_noabirule/m_frskerker1.F90
src/62_cg_noabirule/m_frskerker1.o
src/62_cg_noabirule/m_frskerker2.F90
src/62_cg_noabirule/m_frskerker2.o
src/62_ctqmc/BathOperator_hybrid
src/62_ctqmc/BathOperator_hybrid.h
src/62_ctqmc/BathOperatoroffdiag_hybrid
src/62_ctqmc/BathOperatoroffdiag_hybrid.h
src/62_ctqmc/ListCdagC_firstHigher
src/62_ctqmc/ListCdagC_firstHigher.h
src/62_ctqmc/Makefile.am
src/62_ctqmc/Makefile.in
src/62_ctqmc/_62_ctqmc_
src/62_ctqmc/abinit.amf
src/62_ctqmc/abinit.dep
src/62_ctqmc/abinit.dir
src/62_ctqmc/abinit.src
src/62_ctqmc/defs.h
src/62_ctqmc/lib62_ctqmc.a
src/62_ctqmc/m_BathOperator.F90
src/62_ctqmc/m_BathOperator.o
src/62_ctqmc/m_BathOperatoroffdiag.F90
src/62_ctqmc/m_BathOperatoroffdiag.o
src/62_ctqmc/m_Ctqmc.F90
src/62_ctqmc/m_Ctqmc.o
src/62_ctqmc/m_CtqmcInterface.F90
src/62_ctqmc/m_CtqmcInterface.o
src/62_ctqmc/m_Ctqmcoffdiag.F90
src/62_ctqmc/m_Ctqmcoffdiag.o
src/62_ctqmc/m_CtqmcoffdiagInterface.F90
src/62_ctqmc/m_CtqmcoffdiagInterface.o
src/62_ctqmc/m_FFTHyb.F90
src/62_ctqmc/m_FFTHyb.o
src/62_ctqmc/m_GreenHyb.F90
src/62_ctqmc/m_GreenHyb.o
src/62_ctqmc/m_GreenHyboffdiag.F90
src/62_ctqmc/m_GreenHyboffdiag.o
src/62_ctqmc/m_ImpurityOperator.F90
src/62_ctqmc/m_ImpurityOperator.o
src/62_ctqmc/m_ListCdagC.F90
src/62_ctqmc/m_ListCdagC.o
src/62_ctqmc/m_MapHyb.F90
src/62_ctqmc/m_MapHyb.o
src/62_ctqmc/m_MatrixHyb.F90
src/62_ctqmc/m_MatrixHyb.o
src/62_ctqmc/m_OurRng.F90
src/62_ctqmc/m_OurRng.o
src/62_ctqmc/m_Stat.F90
src/62_ctqmc/m_Stat.o
src/62_ctqmc/m_Vector.F90
src/62_ctqmc/m_Vector.o
src/62_ctqmc/m_VectorInt.F90
src/62_ctqmc/m_VectorInt.o
src/62_ctqmc/m_data4entropyDMFT.F90
src/62_ctqmc/m_data4entropyDMFT.o
src/62_ctqmc/m_global.F90
src/62_ctqmc/m_global.o
src/62_iowfdenpot/Makefile.am
src/62_iowfdenpot/Makefile.in
src/62_iowfdenpot/README
src/62_iowfdenpot/_62_iowfdenpot_
src/62_iowfdenpot/abinit.dep
src/62_iowfdenpot/abinit.dir
src/62_iowfdenpot/abinit.src
src/62_iowfdenpot/lib62_iowfdenpot.a
src/62_iowfdenpot/m_io_screening.F90
src/62_iowfdenpot/m_io_screening.o
src/62_iowfdenpot/m_outqmc.F90
src/62_iowfdenpot/m_outqmc.o
src/62_iowfdenpot/m_outwant.F90
src/62_iowfdenpot/m_outwant.o
src/62_iowfdenpot/m_wfk.F90
src/62_iowfdenpot/m_wfk.o
src/62_poisson/Makefile.am
src/62_poisson/Makefile.in
src/62_poisson/_62_poisson_
src/62_poisson/abinit.amf
src/62_poisson/abinit.dep
src/62_poisson/abinit.dir
src/62_poisson/abinit.src
src/62_poisson/lib62_poisson.a
src/62_poisson/m_jellium.F90
src/62_poisson/m_jellium.o
src/62_poisson/m_psolver.F90
src/62_poisson/m_psolver.o
src/62_poisson/readme.bigdft
src/62_wvl_wfs/Makefile.am
src/62_wvl_wfs/Makefile.in
src/62_wvl_wfs/_62_wvl_wfs_
src/62_wvl_wfs/abinit.dep
src/62_wvl_wfs/abinit.dir
src/62_wvl_wfs/abinit.src
src/62_wvl_wfs/lib62_wvl_wfs.a
src/62_wvl_wfs/m_wvl_psi.F90
src/62_wvl_wfs/m_wvl_psi.o
src/62_wvl_wfs/m_wvl_rwwf.F90
src/62_wvl_wfs/m_wvl_rwwf.o
src/63_bader/Makefile.am
src/63_bader/Makefile.in
src/63_bader/README
src/63_bader/_63_bader_
src/63_bader/abinit.dep
src/63_bader/abinit.dir
src/63_bader/abinit.src
src/63_bader/lib63_bader.a
src/63_bader/m_bader.F90
src/63_bader/m_bader.o
src/64_psp/Makefile.am
src/64_psp/Makefile.in
src/64_psp/README
src/64_psp/_64_psp_
src/64_psp/abinit.dep
src/64_psp/abinit.dir
src/64_psp/abinit.src
src/64_psp/lib64_psp.a
src/64_psp/m_atm2fft.F90
src/64_psp/m_atm2fft.o
src/64_psp/m_psp1.F90
src/64_psp/m_psp1.o
src/64_psp/m_psp5.F90
src/64_psp/m_psp5.o
src/64_psp/m_psp6.F90
src/64_psp/m_psp6.o
src/64_psp/m_psp8.F90
src/64_psp/m_psp8.o
src/64_psp/m_psp9.F90
src/64_psp/m_psp9.o
src/64_psp/m_psp_hgh.F90
src/64_psp/m_psp_hgh.o
src/64_psp/m_pspini.F90
src/64_psp/m_pspini.o
src/64_psp/m_psps.F90
src/64_psp/m_psps.o
src/64_psp/m_psptk.F90
src/64_psp/m_psptk.o
src/64_psp/m_upf2abinit.F90
src/64_psp/m_upf2abinit.o
src/65_lotf_base/Makefile.am
src/65_lotf_base/Makefile.in
src/65_lotf_base/_65_lotf_base_
src/65_lotf_base/abinit.dep
src/65_lotf_base/abinit.dir
src/65_lotf_base/abinit.src
src/65_lotf_base/defs_param_lotf.F90
src/65_lotf_base/m_bond_lotf.F90
src/65_lotf_base/m_glue_lotf.F90
src/65_lotf_base/m_pbc_lotf.F90
src/65_lotf_base/m_tools_lotf.F90
src/65_lotf_base/m_work_var_lotf.F90
src/65_paw/Makefile.am
src/65_paw/Makefile.in
src/65_paw/README
src/65_paw/_65_paw_
src/65_paw/abinit.dep
src/65_paw/abinit.dir
src/65_paw/abinit.src
src/65_paw/lib65_paw.a
src/65_paw/m_fourier_interpol.F90
src/65_paw/m_fourier_interpol.o
src/65_paw/m_paw_atomorb.F90
src/65_paw/m_paw_atomorb.o
src/65_paw/m_paw_correlations.F90
src/65_paw/m_paw_correlations.o
src/65_paw/m_paw_denpot.F90
src/65_paw/m_paw_denpot.o
src/65_paw/m_paw_dfpt.F90
src/65_paw/m_paw_dfpt.o
src/65_paw/m_paw_dfptnl.F90
src/65_paw/m_paw_dfptnl.o
src/65_paw/m_paw_dmft.F90
src/65_paw/m_paw_dmft.o
src/65_paw/m_paw_efield.F90
src/65_paw/m_paw_efield.o
src/65_paw/m_paw_hr.F90
src/65_paw/m_paw_hr.o
src/65_paw/m_paw_init.F90
src/65_paw/m_paw_init.o
src/65_paw/m_paw_lmn.F90
src/65_paw/m_paw_lmn.o
src/65_paw/m_paw_mkaewf.F90
src/65_paw/m_paw_mkaewf.o
src/65_paw/m_paw_mkrho.F90
src/65_paw/m_paw_mkrho.o
src/65_paw/m_paw_nhat.F90
src/65_paw/m_paw_nhat.o
src/65_paw/m_paw_nmr.F90
src/65_paw/m_paw_nmr.o
src/65_paw/m_paw_occupancies.F90
src/65_paw/m_paw_occupancies.o
src/65_paw/m_paw_optics.F90
src/65_paw/m_paw_optics.o
src/65_paw/m_paw_overlap.F90
src/65_paw/m_paw_overlap.o
src/65_paw/m_paw_pwaves_lmn.F90
src/65_paw/m_paw_pwaves_lmn.o
src/65_paw/m_paw_slater.F90
src/65_paw/m_paw_slater.o
src/65_paw/m_paw_sym.F90
src/65_paw/m_paw_sym.o
src/65_paw/m_paw_tools.F90
src/65_paw/m_paw_tools.o
src/65_paw/m_paw_uj.F90
src/65_paw/m_paw_uj.o
src/65_paw/m_pawfgr.F90
src/65_paw/m_pawfgr.o
src/65_paw/m_pawpwij.F90
src/65_paw/m_pawpwij.o
src/66_nonlocal/Makefile.am
src/66_nonlocal/Makefile.in
src/66_nonlocal/README
src/66_nonlocal/_66_nonlocal_
src/66_nonlocal/abinit.dep
src/66_nonlocal/abinit.dir
src/66_nonlocal/abinit.src
src/66_nonlocal/lib66_nonlocal.a
src/66_nonlocal/m_cgprj.F90
src/66_nonlocal/m_cgprj.o
src/66_nonlocal/m_contract.F90
src/66_nonlocal/m_contract.o
src/66_nonlocal/m_fock.F90
src/66_nonlocal/m_fock.o
src/66_nonlocal/m_gemm_nonlop.F90
src/66_nonlocal/m_gemm_nonlop.o
src/66_nonlocal/m_hamiltonian.F90
src/66_nonlocal/m_hamiltonian.o
src/66_nonlocal/m_metstr.F90
src/66_nonlocal/m_metstr.o
src/66_nonlocal/m_mkffkg.F90
src/66_nonlocal/m_mkffkg.o
src/66_nonlocal/m_mkffnl.F90
src/66_nonlocal/m_mkffnl.o
src/66_nonlocal/m_nonlop.F90
src/66_nonlocal/m_nonlop.o
src/66_nonlocal/m_nonlop_pl.F90
src/66_nonlocal/m_nonlop_pl.o
src/66_nonlocal/m_nonlop_test.F90
src/66_nonlocal/m_nonlop_test.o
src/66_nonlocal/m_nonlop_ylm.F90
src/66_nonlocal/m_nonlop_ylm.o
src/66_nonlocal/m_opernl.F90
src/66_nonlocal/m_opernl.o
src/66_nonlocal/m_opernla_ylm.F90
src/66_nonlocal/m_opernla_ylm.o
src/66_nonlocal/m_opernlb_ylm.F90
src/66_nonlocal/m_opernlb_ylm.o
src/66_nonlocal/m_opernlc_ylm.F90
src/66_nonlocal/m_opernlc_ylm.o
src/66_nonlocal/m_opernld_ylm.F90
src/66_nonlocal/m_opernld_ylm.o
src/66_nonlocal/m_vkbr.F90
src/66_nonlocal/m_vkbr.o
src/66_vdwxc/Makefile.am
src/66_vdwxc/Makefile.in
src/66_vdwxc/_66_vdwxc_
src/66_vdwxc/abinit.dep
src/66_vdwxc/abinit.dir
src/66_vdwxc/abinit.src
src/66_vdwxc/lib66_vdwxc.a
src/66_vdwxc/m_evdw_wannier.F90
src/66_vdwxc/m_evdw_wannier.o
src/66_vdwxc/m_vdw_dftd2.F90
src/66_vdwxc/m_vdw_dftd2.o
src/66_vdwxc/m_vdw_dftd3.F90
src/66_vdwxc/m_vdw_dftd3.o
src/66_vdwxc/m_vdw_dftd3_data.F90
src/66_vdwxc/m_vdw_dftd3_data.o
src/66_wfs/Makefile.am
src/66_wfs/Makefile.in
src/66_wfs/README
src/66_wfs/_66_wfs_
src/66_wfs/abinit.dep
src/66_wfs/abinit.dir
src/66_wfs/abinit.src
src/66_wfs/lib66_wfs.a
src/66_wfs/m_bandfft_kpt.F90
src/66_wfs/m_bandfft_kpt.o
src/66_wfs/m_cgcprj.F90
src/66_wfs/m_cgcprj.o
src/66_wfs/m_chebfi.F90
src/66_wfs/m_chebfi.o
src/66_wfs/m_esymm.F90
src/66_wfs/m_esymm.o
src/66_wfs/m_fock_getghc.F90
src/66_wfs/m_fock_getghc.o
src/66_wfs/m_getgh1c.F90
src/66_wfs/m_getgh1c.o
src/66_wfs/m_getgh2c.F90
src/66_wfs/m_getgh2c.o
src/66_wfs/m_getghc.F90
src/66_wfs/m_getghc.o
src/66_wfs/m_invovl.F90
src/66_wfs/m_invovl.o
src/66_wfs/m_prep_kgb.F90
src/66_wfs/m_prep_kgb.o
src/66_wfs/m_rayleigh_ritz.F90
src/66_wfs/m_rayleigh_ritz.o
src/67_common/Makefile.am
src/67_common/Makefile.in
src/67_common/README
src/67_common/_67_common_
src/67_common/abinit.dep
src/67_common/abinit.dir
src/67_common/abinit.src
src/67_common/lib67_common.a
src/67_common/m_berryphase.F90
src/67_common/m_berryphase.o
src/67_common/m_berryphase_new.F90
src/67_common/m_berryphase_new.o
src/67_common/m_cgwf.F90
src/67_common/m_cgwf.o
src/67_common/m_common.F90
src/67_common/m_common.o
src/67_common/m_conducti.F90
src/67_common/m_conducti.o
src/67_common/m_dft_energy.F90
src/67_common/m_dft_energy.o
src/67_common/m_epjdos.F90
src/67_common/m_epjdos.o
src/67_common/m_eprenorms.F90
src/67_common/m_eprenorms.o
src/67_common/m_extraprho.F90
src/67_common/m_extraprho.o
src/67_common/m_forces.F90
src/67_common/m_forces.o
src/67_common/m_forstr.F90
src/67_common/m_forstr.o
src/67_common/m_ioarr.F90
src/67_common/m_ioarr.o
src/67_common/m_iowf.F90
src/67_common/m_iowf.o
src/67_common/m_ksdiago.F90
src/67_common/m_ksdiago.o
src/67_common/m_mklocl.F90
src/67_common/m_mklocl.o
src/67_common/m_mklocl_realspace.F90
src/67_common/m_mklocl_realspace.o
src/67_common/m_mkrho.F90
src/67_common/m_mkrho.o
src/67_common/m_nucprop.F90
src/67_common/m_nucprop.o
src/67_common/m_odamix.F90
src/67_common/m_odamix.o
src/67_common/m_optics_vloc.F90
src/67_common/m_optics_vloc.o
src/67_common/m_orbmag.F90
src/67_common/m_orbmag.o
src/67_common/m_positron.F90
src/67_common/m_positron.o
src/67_common/m_rhotov.F90
src/67_common/m_rhotov.o
src/67_common/m_setvtr.F90
src/67_common/m_setvtr.o
src/67_common/m_spin_current.F90
src/67_common/m_spin_current.o
src/67_common/m_stress.F90
src/67_common/m_stress.o
src/67_common/m_vcoul.F90
src/67_common/m_vcoul.o
src/67_common/m_vtorhotf.F90
src/67_common/m_vtorhotf.o
src/67_common/m_wvl_rho.F90
src/67_common/m_wvl_rho.o
src/67_common/mkcore_wvl.F90
src/67_common/mkcore_wvl.o
src/67_triqs_ext/Makefile.am
src/67_triqs_ext/Makefile.in
src/67_triqs_ext/_67_triqs_ext_
src/67_triqs_ext/abinit.amf
src/67_triqs_ext/abinit.dep
src/67_triqs_ext/abinit.src
src/67_triqs_ext/triqs_cthyb_qmc.cpp
src/67_triqs_ext/triqs_cthyb_qmc.hpp
src/67_triqs_ext/triqs_interface_ctqmc.F90
src/68_dmft/Makefile.am
src/68_dmft/Makefile.in
src/68_dmft/_68_dmft_
src/68_dmft/abinit.dep
src/68_dmft/abinit.dir
src/68_dmft/abinit.src
src/68_dmft/lib68_dmft.a
src/68_dmft/m_datafordmft.F90
src/68_dmft/m_datafordmft.o
src/68_dmft/m_dmft.F90
src/68_dmft/m_dmft.o
src/68_dmft/m_energy.F90
src/68_dmft/m_energy.o
src/68_dmft/m_entropyDMFT.F90
src/68_dmft/m_entropyDMFT.o
src/68_dmft/m_forctqmc.F90
src/68_dmft/m_forctqmc.o
src/68_dmft/m_green.F90
src/68_dmft/m_green.o
src/68_dmft/m_hu.F90
src/68_dmft/m_hu.o
src/68_dmft/m_hubbard_one.F90
src/68_dmft/m_hubbard_one.o
src/68_dmft/m_ldau_self.F90
src/68_dmft/m_ldau_self.o
src/68_dmft/m_matlu.F90
src/68_dmft/m_matlu.o
src/68_dmft/m_oper.F90
src/68_dmft/m_oper.o
src/68_dmft/m_self.F90
src/68_dmft/m_self.o
src/68_lotf/Makefile.am
src/68_lotf/Makefile.in
src/68_lotf/_68_lotf_
src/68_lotf/abinit.dep
src/68_lotf/abinit.dir
src/68_lotf/abinit.src
src/68_lotf/m_eval_lotf.F90
src/68_lotf/m_lotf.F90
src/68_lotf/m_pred_lotf.F90
src/68_recursion/Makefile.am
src/68_recursion/Makefile.in
src/68_recursion/_68_recursion_
src/68_recursion/abinit.dep
src/68_recursion/abinit.dir
src/68_recursion/abinit.src
src/68_recursion/defs_rectypes.F90
src/68_recursion/defs_rectypes.o
src/68_recursion/lib68_recursion.a
src/68_recursion/m_hidecudarec.F90
src/68_recursion/m_hidecudarec.o
src/68_recursion/m_pretty_rec.F90
src/68_recursion/m_pretty_rec.o
src/68_recursion/m_rec.F90
src/68_recursion/m_rec.o
src/68_recursion/m_rec_tools.F90
src/68_recursion/m_rec_tools.o
src/68_recursion/m_vtorhorec.F90
src/68_recursion/m_vtorhorec.o
src/68_rsprc/Makefile.am
src/68_rsprc/Makefile.in
src/68_rsprc/_68_rsprc_
src/68_rsprc/abinit.dep
src/68_rsprc/abinit.dir
src/68_rsprc/abinit.src
src/68_rsprc/lib68_rsprc.a
src/68_rsprc/m_newrho.F90
src/68_rsprc/m_newrho.o
src/68_rsprc/m_newvtr.F90
src/68_rsprc/m_newvtr.o
src/68_rsprc/m_prcref.F90
src/68_rsprc/m_prcref.o
src/68_rsprc/mod_prc_memory.F90
src/68_rsprc/mod_prc_memory.o
src/69_wfdesc/Makefile.am
src/69_wfdesc/Makefile.in
src/69_wfdesc/_69_wfdesc_
src/69_wfdesc/abinit.dep
src/69_wfdesc/abinit.dir
src/69_wfdesc/abinit.src
src/69_wfdesc/lib69_wfdesc.a
src/69_wfdesc/m_io_kss.F90
src/69_wfdesc/m_io_kss.o
src/69_wfdesc/m_oscillators.F90
src/69_wfdesc/m_oscillators.o
src/69_wfdesc/m_wfd.F90
src/69_wfdesc/m_wfd.o
src/69_wfdesc/m_wfd_optic.F90
src/69_wfdesc/m_wfd_optic.o
src/70_gw/Makefile.am
src/70_gw/Makefile.in
src/70_gw/README
src/70_gw/_70_gw_
src/70_gw/abinit.dep
src/70_gw/abinit.dir
src/70_gw/abinit.src
src/70_gw/lib70_gw.a
src/70_gw/m_calc_ucrpa.F90
src/70_gw/m_calc_ucrpa.o
src/70_gw/m_chi0.F90
src/70_gw/m_chi0.o
src/70_gw/m_chi0tk.F90
src/70_gw/m_chi0tk.o
src/70_gw/m_classify_bands.F90
src/70_gw/m_classify_bands.o
src/70_gw/m_cohsex.F90
src/70_gw/m_cohsex.o
src/70_gw/m_dyson_solver.F90
src/70_gw/m_dyson_solver.o
src/70_gw/m_fft_prof.F90
src/70_gw/m_fft_prof.o
src/70_gw/m_gwls_ComputeCorrelationEnergy.F90
src/70_gw/m_gwls_ComputeCorrelationEnergy.o
src/70_gw/m_gwls_ComputePoles.F90
src/70_gw/m_gwls_ComputePoles.o
src/70_gw/m_gwls_DielectricArray.F90
src/70_gw/m_gwls_DielectricArray.o
src/70_gw/m_gwls_GWanalyticPart.F90
src/70_gw/m_gwls_GWanalyticPart.o
src/70_gw/m_gwls_GWlanczos.F90
src/70_gw/m_gwls_GWlanczos.o
src/70_gw/m_gwls_GenerateEpsilon.F90
src/70_gw/m_gwls_GenerateEpsilon.o
src/70_gw/m_gwls_LanczosBasis.F90
src/70_gw/m_gwls_LanczosBasis.o
src/70_gw/m_gwls_LanczosResolvents.F90
src/70_gw/m_gwls_LanczosResolvents.o
src/70_gw/m_gwls_Projected_AT.F90
src/70_gw/m_gwls_Projected_AT.o
src/70_gw/m_gwls_Projected_BT.F90
src/70_gw/m_gwls_Projected_BT.o
src/70_gw/m_gwls_QR_factorization.F90
src/70_gw/m_gwls_QR_factorization.o
src/70_gw/m_gwls_TimingLog.F90
src/70_gw/m_gwls_TimingLog.o
src/70_gw/m_gwls_hamiltonian.F90
src/70_gw/m_gwls_hamiltonian.o
src/70_gw/m_gwls_lineqsolver.F90
src/70_gw/m_gwls_lineqsolver.o
src/70_gw/m_gwls_model_polarisability.F90
src/70_gw/m_gwls_model_polarisability.o
src/70_gw/m_gwls_polarisability.F90
src/70_gw/m_gwls_polarisability.o
src/70_gw/m_gwls_utility.F90
src/70_gw/m_gwls_utility.o
src/70_gw/m_gwls_valenceWavefunctions.F90
src/70_gw/m_gwls_valenceWavefunctions.o
src/70_gw/m_gwls_wf.F90
src/70_gw/m_gwls_wf.o
src/70_gw/m_model_screening.F90
src/70_gw/m_model_screening.o
src/70_gw/m_ppmodel.F90
src/70_gw/m_ppmodel.o
src/70_gw/m_prep_calc_ucrpa.F90
src/70_gw/m_prep_calc_ucrpa.o
src/70_gw/m_qparticles.F90
src/70_gw/m_qparticles.o
src/70_gw/m_read_plowannier.F90
src/70_gw/m_read_plowannier.o
src/70_gw/m_screen.F90
src/70_gw/m_screen.o
src/70_gw/m_screening.F90
src/70_gw/m_screening.o
src/70_gw/m_sigc.F90
src/70_gw/m_sigc.o
src/70_gw/m_sigma.F90
src/70_gw/m_sigma.o
src/70_gw/m_sigx.F90
src/70_gw/m_sigx.o
src/70_gw/m_vhxc_me.F90
src/70_gw/m_vhxc_me.o
src/71_bse/Makefile.am
src/71_bse/Makefile.in
src/71_bse/README
src/71_bse/_71_bse_
src/71_bse/abinit.dep
src/71_bse/abinit.dir
src/71_bse/abinit.src
src/71_bse/lib71_bse.a
src/71_bse/m_bse_io.F90
src/71_bse/m_bse_io.o
src/71_bse/m_bseinterp.F90
src/71_bse/m_bseinterp.o
src/71_bse/m_exc_analyze.F90
src/71_bse/m_exc_analyze.o
src/71_bse/m_exc_build.F90
src/71_bse/m_exc_build.o
src/71_bse/m_exc_diago.F90
src/71_bse/m_exc_diago.o
src/71_bse/m_exc_itdiago.F90
src/71_bse/m_exc_itdiago.o
src/71_bse/m_exc_spectra.F90
src/71_bse/m_exc_spectra.o
src/71_bse/m_haydock.F90
src/71_bse/m_haydock.o
src/71_bse/m_haydock_io.F90
src/71_bse/m_haydock_io.o
src/71_bse/m_hexc.F90
src/71_bse/m_hexc.o
src/71_wannier/Makefile.am
src/71_wannier/Makefile.in
src/71_wannier/_71_wannier_
src/71_wannier/abinit.dep
src/71_wannier/abinit.dir
src/71_wannier/abinit.src
src/71_wannier/defs_wannier90.F90
src/71_wannier/defs_wannier90.o
src/71_wannier/lib71_wannier.a
src/71_wannier/m_mlwfovlp.F90
src/71_wannier/m_mlwfovlp.o
src/71_wannier/m_mlwfovlp_qp.F90
src/71_wannier/m_mlwfovlp_qp.o
src/71_wannier/m_plowannier.F90
src/71_wannier/m_plowannier.o
src/72_response/Makefile.am
src/72_response/Makefile.in
src/72_response/README
src/72_response/_72_response_
src/72_response/abinit.dep
src/72_response/abinit.dir
src/72_response/abinit.src
src/72_response/lib72_response.a
src/72_response/m_d2frnl.F90
src/72_response/m_d2frnl.o
src/72_response/m_ddb.F90
src/72_response/m_ddb.o
src/72_response/m_ddb_hdr.F90
src/72_response/m_ddb_hdr.o
src/72_response/m_ddk.F90
src/72_response/m_ddk.o
src/72_response/m_dfpt_cgwf.F90
src/72_response/m_dfpt_cgwf.o
src/72_response/m_dfpt_elt.F90
src/72_response/m_dfpt_elt.o
src/72_response/m_dfpt_fef.F90
src/72_response/m_dfpt_fef.o
src/72_response/m_dfpt_mkrho.F90
src/72_response/m_dfpt_mkrho.o
src/72_response/m_dfpt_mkvxcstr.F90
src/72_response/m_dfpt_mkvxcstr.o
src/72_response/m_dfpt_nstwf.F90
src/72_response/m_dfpt_nstwf.o
src/72_response/m_dfpt_rhotov.F90
src/72_response/m_dfpt_rhotov.o
src/72_response/m_dfpt_scfcv.F90
src/72_response/m_dfpt_scfcv.o
src/72_response/m_dfpt_vtorho.F90
src/72_response/m_dfpt_vtorho.o
src/72_response/m_dfpt_vtowfk.F90
src/72_response/m_dfpt_vtowfk.o
src/72_response/m_dfptnl_pert.F90
src/72_response/m_dfptnl_pert.o
src/72_response/m_dvdb.F90
src/72_response/m_dvdb.o
src/72_response/m_efmas.F90
src/72_response/m_efmas.o
src/72_response/m_eig2d.F90
src/72_response/m_eig2d.o
src/72_response/m_paral_pert.F90
src/72_response/m_paral_pert.o
src/72_response/m_rf2.F90
src/72_response/m_rf2.o
src/72_response/m_rf2_init.F90
src/72_response/m_rf2_init.o
src/72_response/m_strain.F90
src/72_response/m_strain.o
src/77_ddb/Makefile.am
src/77_ddb/Makefile.in
src/77_ddb/README
src/77_ddb/_77_ddb_
src/77_ddb/abinit.dep
src/77_ddb/abinit.dir
src/77_ddb/abinit.src
src/77_ddb/defs_elphon.F90
src/77_ddb/defs_elphon.o
src/77_ddb/lib77_ddb.a
src/77_ddb/m_a2ftr.F90
src/77_ddb/m_a2ftr.o
src/77_ddb/m_anaddb_dataset.F90
src/77_ddb/m_anaddb_dataset.o
src/77_ddb/m_atprj.F90
src/77_ddb/m_atprj.o
src/77_ddb/m_band2eps_dataset.F90
src/77_ddb/m_band2eps_dataset.o
src/77_ddb/m_ddb_diel.F90
src/77_ddb/m_ddb_diel.o
src/77_ddb/m_ddb_elast.F90
src/77_ddb/m_ddb_elast.o
src/77_ddb/m_ddb_internalstr.F90
src/77_ddb/m_ddb_internalstr.o
src/77_ddb/m_ddb_interpolate.F90
src/77_ddb/m_ddb_interpolate.o
src/77_ddb/m_ddb_piezo.F90
src/77_ddb/m_ddb_piezo.o
src/77_ddb/m_eliashberg_1d.F90
src/77_ddb/m_eliashberg_1d.o
src/77_ddb/m_elphon.F90
src/77_ddb/m_elphon.o
src/77_ddb/m_epweights.F90
src/77_ddb/m_epweights.o
src/77_ddb/m_gruneisen.F90
src/77_ddb/m_gruneisen.o
src/77_ddb/m_harmonic_thermo.F90
src/77_ddb/m_harmonic_thermo.o
src/77_ddb/m_ifc.F90
src/77_ddb/m_ifc.o
src/77_ddb/m_iogkk.F90
src/77_ddb/m_iogkk.o
src/77_ddb/m_phonons.F90
src/77_ddb/m_phonons.o
src/77_ddb/m_primcell_ddb_info.F90
src/77_ddb/m_primcell_ddb_info.o
src/77_ddb/m_raman.F90
src/77_ddb/m_raman.o
src/77_ddb/m_relaxpol.F90
src/77_ddb/m_relaxpol.o
src/77_ddb/m_sortph.F90
src/77_ddb/m_sortph.o
src/77_ddb/m_thmeig.F90
src/77_ddb/m_thmeig.o
src/77_suscep/Makefile.am
src/77_suscep/Makefile.in
src/77_suscep/README
src/77_suscep/_77_suscep_
src/77_suscep/abinit.dep
src/77_suscep/abinit.dir
src/77_suscep/abinit.src
src/77_suscep/lib77_suscep.a
src/77_suscep/m_suscep_stat.F90
src/77_suscep/m_suscep_stat.o
src/78_effpot/Makefile.am
src/78_effpot/Makefile.in
src/78_effpot/_78_effpot_
src/78_effpot/abinit.dep
src/78_effpot/abinit.dir
src/78_effpot/abinit.src
src/78_effpot/effpot_xml.c
src/78_effpot/effpot_xml.o
src/78_effpot/lib78_effpot.a
src/78_effpot/m_anharmonics_terms.F90
src/78_effpot/m_anharmonics_terms.o
src/78_effpot/m_compute_anharmonics.F90
src/78_effpot/m_compute_anharmonics.o
src/78_effpot/m_dynarray.F90
src/78_effpot/m_dynarray.o
src/78_effpot/m_effective_potential.F90
src/78_effpot/m_effective_potential.o
src/78_effpot/m_effective_potential_file.F90
src/78_effpot/m_effective_potential_file.o
src/78_effpot/m_effpot_mpi.F90
src/78_effpot/m_effpot_mpi.o
src/78_effpot/m_fit_data.F90
src/78_effpot/m_fit_data.o
src/78_effpot/m_fit_polynomial_coeff.F90
src/78_effpot/m_fit_polynomial_coeff.o
src/78_effpot/m_generate_training_set.F90
src/78_effpot/m_generate_training_set.o
src/78_effpot/m_harmonics_terms.F90
src/78_effpot/m_harmonics_terms.o
src/78_effpot/m_init10.F90
src/78_effpot/m_init10.o
src/78_effpot/m_mathfuncs.F90
src/78_effpot/m_mathfuncs.o
src/78_effpot/m_multibinit_dataset.F90
src/78_effpot/m_multibinit_dataset.o
src/78_effpot/m_polynomial_coeff.F90
src/78_effpot/m_polynomial_coeff.o
src/78_effpot/m_polynomial_conf.F90
src/78_effpot/m_polynomial_conf.o
src/78_effpot/m_polynomial_term.F90
src/78_effpot/m_polynomial_term.o
src/78_effpot/m_random_xoroshiro128plus.F90
src/78_effpot/m_random_xoroshiro128plus.o
src/78_effpot/m_sparse_matrix.F90
src/78_effpot/m_sparse_matrix.o
src/78_effpot/m_spin_hist.F90
src/78_effpot/m_spin_hist.o
src/78_effpot/m_spin_model.F90
src/78_effpot/m_spin_model.o
src/78_effpot/m_spin_model_primitive.F90
src/78_effpot/m_spin_model_primitive.o
src/78_effpot/m_spin_mover.F90
src/78_effpot/m_spin_mover.o
src/78_effpot/m_spin_ncfile.F90
src/78_effpot/m_spin_ncfile.o
src/78_effpot/m_spin_reciprocal.F90
src/78_effpot/m_spin_reciprocal.o
src/78_effpot/m_spin_terms.F90
src/78_effpot/m_spin_terms.o
src/78_effpot/m_spin_terms_funcs.F90
src/78_effpot/m_spin_terms_funcs.o
src/78_eph/Makefile.am
src/78_eph/Makefile.in
src/78_eph/_78_eph_
src/78_eph/abinit.dep
src/78_eph/abinit.dir
src/78_eph/abinit.src
src/78_eph/lib78_eph.a
src/78_eph/m_frohlichmodel.F90
src/78_eph/m_frohlichmodel.o
src/78_eph/m_gkk.F90
src/78_eph/m_gkk.o
src/78_eph/m_phgamma.F90
src/78_eph/m_phgamma.o
src/78_eph/m_phpi.F90
src/78_eph/m_phpi.o
src/78_eph/m_sigmaph.F90
src/78_eph/m_sigmaph.o
src/79_seqpar_mpi/Makefile.am
src/79_seqpar_mpi/Makefile.in
src/79_seqpar_mpi/README
src/79_seqpar_mpi/_79_seqpar_mpi_
src/79_seqpar_mpi/abinit.dep
src/79_seqpar_mpi/abinit.dir
src/79_seqpar_mpi/abinit.src
src/79_seqpar_mpi/lib79_seqpar_mpi.a
src/79_seqpar_mpi/m_inwffil.F90
src/79_seqpar_mpi/m_inwffil.o
src/79_seqpar_mpi/m_lobpcg.F90
src/79_seqpar_mpi/m_lobpcg.o
src/79_seqpar_mpi/m_lobpcgwf.F90
src/79_seqpar_mpi/m_lobpcgwf.o
src/79_seqpar_mpi/m_lobpcgwf_old.F90
src/79_seqpar_mpi/m_lobpcgwf_old.o
src/79_seqpar_mpi/m_tddft.F90
src/79_seqpar_mpi/m_tddft.o
src/79_seqpar_mpi/m_vtorho.F90
src/79_seqpar_mpi/m_vtorho.o
src/79_seqpar_mpi/m_vtowfk.F90
src/79_seqpar_mpi/m_vtowfk.o
src/79_seqpar_mpi/m_wvl_wfsinp.F90
src/79_seqpar_mpi/m_wvl_wfsinp.o
src/80_tdep/Makefile.am
src/80_tdep/Makefile.in
src/80_tdep/_80_tdep_
src/80_tdep/abinit.dep
src/80_tdep/abinit.dir
src/80_tdep/abinit.src
src/80_tdep/lib80_tdep.a
src/80_tdep/m_tdep_abitypes.F90
src/80_tdep/m_tdep_abitypes.o
src/80_tdep/m_tdep_latt.F90
src/80_tdep/m_tdep_latt.o
src/80_tdep/m_tdep_phdos.F90
src/80_tdep/m_tdep_phdos.o
src/80_tdep/m_tdep_phij.F90
src/80_tdep/m_tdep_phij.o
src/80_tdep/m_tdep_qpt.F90
src/80_tdep/m_tdep_qpt.o
src/80_tdep/m_tdep_readwrite.F90
src/80_tdep/m_tdep_readwrite.o
src/80_tdep/m_tdep_shell.F90
src/80_tdep/m_tdep_shell.o
src/80_tdep/m_tdep_sym.F90
src/80_tdep/m_tdep_sym.o
src/80_tdep/m_tdep_utils.F90
src/80_tdep/m_tdep_utils.o
src/83_cut3d/Makefile.am
src/83_cut3d/Makefile.in
src/83_cut3d/README
src/83_cut3d/_83_cut3d_
src/83_cut3d/abinit.dep
src/83_cut3d/abinit.dir
src/83_cut3d/abinit.src
src/83_cut3d/lib83_cut3d.a
src/83_cut3d/m_cut3d.F90
src/83_cut3d/m_cut3d.o
src/84_fold2Bloch/Makefile.am
src/84_fold2Bloch/Makefile.in
src/84_fold2Bloch/_84_fold2Bloch_
src/84_fold2Bloch/abinit.dep
src/84_fold2Bloch/abinit.dir
src/84_fold2Bloch/abinit.src
src/84_fold2Bloch/lib84_fold2Bloch.a
src/84_fold2Bloch/m_fold2block.F90
src/84_fold2Bloch/m_fold2block.o
src/94_scfcv/Makefile.am
src/94_scfcv/Makefile.in
src/94_scfcv/_94_scfcv_
src/94_scfcv/abinit.dep
src/94_scfcv/abinit.dir
src/94_scfcv/abinit.src
src/94_scfcv/lib94_scfcv.a
src/94_scfcv/m_afterscfloop.F90
src/94_scfcv/m_afterscfloop.o
src/94_scfcv/m_elpolariz.F90
src/94_scfcv/m_elpolariz.o
src/94_scfcv/m_outscfcv.F90
src/94_scfcv/m_outscfcv.o
src/94_scfcv/m_scfcv.F90
src/94_scfcv/m_scfcv.o
src/94_scfcv/m_scfcv_core.F90
src/94_scfcv/m_scfcv_core.o
src/94_scfcv/m_subscf.F90
src/95_drive/Makefile.am
src/95_drive/Makefile.in
src/95_drive/README
src/95_drive/_95_drive_
src/95_drive/abinit.dep
src/95_drive/abinit.dir
src/95_drive/abinit.src
src/95_drive/lib95_drive.a
src/95_drive/m_argparse.F90
src/95_drive/m_argparse.o
src/95_drive/m_bethe_salpeter.F90
src/95_drive/m_bethe_salpeter.o
src/95_drive/m_dfpt_looppert.F90
src/95_drive/m_dfpt_looppert.o
src/95_drive/m_dfptnl_loop.F90
src/95_drive/m_dfptnl_loop.o
src/95_drive/m_dmfet.F90
src/95_drive/m_dmfet.o
src/95_drive/m_dmfet_driver.F90
src/95_drive/m_dmfet_driver.o
src/95_drive/m_driver.F90
src/95_drive/m_driver.o
src/95_drive/m_eph_driver.F90
src/95_drive/m_eph_driver.o
src/95_drive/m_gstate.F90
src/95_drive/m_gstate.o
src/95_drive/m_gstateimg.F90
src/95_drive/m_gstateimg.o
src/95_drive/m_gwls_sternheimer.F90
src/95_drive/m_gwls_sternheimer.o
src/95_drive/m_mover.F90
src/95_drive/m_mover.o
src/95_drive/m_mover_effpot.F90
src/95_drive/m_mover_effpot.o
src/95_drive/m_nonlinear.F90
src/95_drive/m_nonlinear.o
src/95_drive/m_pead_nl_loop.F90
src/95_drive/m_pead_nl_loop.o
src/95_drive/m_precpred_1geo.F90
src/95_drive/m_precpred_1geo.o
src/95_drive/m_respfn_driver.F90
src/95_drive/m_respfn_driver.o
src/95_drive/m_screening_driver.F90
src/95_drive/m_screening_driver.o
src/95_drive/m_sigma_driver.F90
src/95_drive/m_sigma_driver.o
src/95_drive/m_wfk_analyze.F90
src/95_drive/m_wfk_analyze.o
src/98_main/Makefile.am
src/98_main/Makefile.in
src/98_main/README
src/98_main/abinit-abinit.o
src/98_main/abinit.F90
src/98_main/abinit.dir
src/98_main/aim-aim.o
src/98_main/aim.F90
src/98_main/anaddb-anaddb.o
src/98_main/anaddb.F90
src/98_main/band2eps-band2eps.o
src/98_main/band2eps.F90
src/98_main/bsepostproc-bsepostproc.o
src/98_main/bsepostproc.F90
src/98_main/conducti-conducti.o
src/98_main/conducti.F90
src/98_main/cut3d-cut3d.o
src/98_main/cut3d.F90
src/98_main/dummy_tests-dummy_tests.o
src/98_main/dummy_tests.F90
src/98_main/fftprof-fftprof.o
src/98_main/fftprof.F90
src/98_main/fold2Bloch
src/98_main/fold2Bloch-fold2Bloch.o
src/98_main/fold2Bloch.F90
src/98_main/ioprof-ioprof.o
src/98_main/ioprof.F90
src/98_main/lapackprof-lapackprof.o
src/98_main/lapackprof.F90
src/98_main/macroave-macroave.o
src/98_main/macroave.F90
src/98_main/mrgddb-mrgddb.o
src/98_main/mrgddb.F90
src/98_main/mrgdv
src/98_main/mrgdv-mrgdv.o
src/98_main/mrgdv.F90
src/98_main/mrggkk-mrggkk.o
src/98_main/mrggkk.F90
src/98_main/mrgscr-mrgscr.o
src/98_main/mrgscr.F90
src/98_main/multibinit
src/98_main/multibinit-multibinit.o
src/98_main/multibinit.F90
src/98_main/optic-optic.o
src/98_main/optic.F90
src/98_main/tdep-tdep.o
src/98_main/tdep.F90
src/98_main/ujdet-ujdet.o
src/98_main/ujdet.F90
src/98_main/vdw_kernelgen-vdw_kernelgen.o
src/98_main/vdw_kernelgen.F90
src/Makefile.am
src/Makefile.in
src/incs/Makefile.am
src/incs/Makefile.in
src/incs/abi_clib.h
src/incs/abi_common.h
src/incs/abi_xc_vdw.h
src/incs/cuda_common.h
src/incs/cuda_header.h
src/incs/cuda_rec_head.h
src/incs/dummy_functions.inc
src/incs/gpu_four_header.h
src/incs/string_f.h
src/libs/Makefile.am
src/libs/Makefile.in
src/mods/Makefile.am
src/mods/Makefile.in
